<?xml version="1.0" encoding="UTF-8"?>
<coverage generated="1780437985771" clover="3.2.0">
  <project timestamp="1780437985771" name="All files">
    <metrics statements="149" coveredstatements="147" conditionals="103" coveredconditionals="90" methods="24" coveredmethods="22" elements="276" coveredelements="259" complexity="0" loc="149" ncloc="149" packages="1" files="4" classes="4"/>
    <file name="db.ts" path="/Users/ivan/Project/3t.tools.intellij/mongo/mongo-schema-fetch/src/db.ts">
      <metrics statements="75" coveredstatements="75" conditionals="39" coveredconditionals="29" methods="11" coveredmethods="9"/>
      <line num="7" count="1" type="stmt"/>
      <line num="11" count="1" type="cond" truecount="1" falsecount="1"/>
      <line num="12" count="1" type="stmt"/>
      <line num="14" count="1" type="stmt"/>
      <line num="15" count="1" type="stmt"/>
      <line num="16" count="1" type="stmt"/>
      <line num="17" count="1" type="stmt"/>
      <line num="21" count="2" type="stmt"/>
      <line num="22" count="2" type="stmt"/>
      <line num="23" count="2" type="stmt"/>
      <line num="29" count="2" type="stmt"/>
      <line num="30" count="2" type="stmt"/>
      <line num="32" count="1" type="stmt"/>
      <line num="35" count="2" type="stmt"/>
      <line num="36" count="2" type="stmt"/>
      <line num="37" count="1" type="cond" truecount="3" falsecount="1"/>
      <line num="38" count="1" type="cond" truecount="1" falsecount="1"/>
      <line num="39" count="1" type="stmt"/>
      <line num="41" count="1" type="cond" truecount="1" falsecount="1"/>
      <line num="42" count="1" type="stmt"/>
      <line num="44" count="1" type="cond" truecount="1" falsecount="1"/>
      <line num="45" count="1" type="stmt"/>
      <line num="47" count="1" type="stmt"/>
      <line num="49" count="1" type="cond" truecount="1" falsecount="1"/>
      <line num="50" count="1" type="stmt"/>
      <line num="53" count="1" type="stmt"/>
      <line num="56" count="2" type="stmt"/>
      <line num="57" count="2" type="stmt"/>
      <line num="58" count="1" type="cond" truecount="4" falsecount="1"/>
      <line num="59" count="1" type="stmt"/>
      <line num="60" count="1" type="cond" truecount="1" falsecount="1"/>
      <line num="61" count="1" type="stmt"/>
      <line num="65" count="1" type="stmt"/>
      <line num="68" count="2" type="stmt"/>
      <line num="79" count="1" type="stmt"/>
      <line num="80" count="3" type="stmt"/>
      <line num="84" count="1" type="stmt"/>
      <line num="86" count="1" type="stmt"/>
      <line num="87" count="1" type="stmt"/>
      <line num="88" count="1" type="stmt"/>
      <line num="90" count="1" type="stmt"/>
      <line num="93" count="1" type="cond" truecount="2" falsecount="0"/>
      <line num="94" count="1" type="stmt"/>
      <line num="95" count="1" type="cond" truecount="2" falsecount="0"/>
      <line num="96" count="1" type="cond" truecount="2" falsecount="0"/>
      <line num="98" count="1" type="stmt"/>
      <line num="107" count="1" type="stmt"/>
      <line num="108" count="1" type="stmt"/>
      <line num="111" count="9" type="stmt"/>
      <line num="112" count="9" type="stmt"/>
      <line num="116" count="6" type="cond" truecount="1" falsecount="1"/>
      <line num="118" count="6" type="stmt"/>
      <line num="119" count="6" type="stmt"/>
      <line num="120" count="6" type="stmt"/>
      <line num="122" count="6" type="cond" truecount="4" falsecount="0"/>
      <line num="123" count="5" type="stmt"/>
      <line num="124" count="5" type="stmt"/>
      <line num="127" count="6" type="stmt"/>
      <line num="129" count="6" type="cond" truecount="2" falsecount="0"/>
      <line num="130" count="5" type="stmt"/>
      <line num="133" count="6" type="stmt"/>
      <line num="134" count="6" type="cond" truecount="2" falsecount="0"/>
      <line num="138" count="2" type="stmt"/>
      <line num="140" count="2" type="stmt"/>
      <line num="141" count="2" type="stmt"/>
      <line num="142" count="2" type="stmt"/>
      <line num="144" count="1" type="stmt"/>
      <line num="147" count="2" type="stmt"/>
      <line num="148" count="2" type="stmt"/>
      <line num="149" count="2" type="stmt"/>
      <line num="150" count="1" type="stmt"/>
      <line num="151" count="3" type="cond" truecount="1" falsecount="1"/>
      <line num="152" count="3" type="stmt"/>
      <line num="156" count="1" type="stmt"/>
      <line num="159" count="2" type="stmt"/>
    </file>
    <file name="schema.ts" path="/Users/ivan/Project/3t.tools.intellij/mongo/mongo-schema-fetch/src/schema.ts">
      <metrics statements="44" coveredstatements="42" conditionals="54" coveredconditionals="52" methods="8" coveredmethods="8"/>
      <line num="7" count="6" type="stmt"/>
      <line num="9" count="6" type="stmt"/>
      <line num="10" count="6" type="cond" truecount="4" falsecount="0"/>
      <line num="11" count="1" type="stmt"/>
      <line num="14" count="5" type="cond" truecount="2" falsecount="0"/>
      <line num="15" count="1" type="stmt"/>
      <line num="16" count="4" type="cond" truecount="2" falsecount="0"/>
      <line num="17" count="1" type="stmt"/>
      <line num="22" count="6" type="stmt"/>
      <line num="25" count="6" type="cond" truecount="2" falsecount="0"/>
      <line num="27" count="2" type="stmt"/>
      <line num="30" count="4" type="stmt"/>
      <line num="34" count="6" type="stmt"/>
      <line num="36" count="6" type="stmt"/>
      <line num="37" count="6" type="cond" truecount="2" falsecount="0"/>
      <line num="38" count="6" type="stmt"/>
      <line num="39" count="6" type="stmt"/>
      <line num="41" count="0" type="stmt"/>
      <line num="46" count="11" type="cond" truecount="1" falsecount="1"/>
      <line num="49" count="11" type="stmt"/>
      <line num="53" count="58" type="cond" truecount="2" falsecount="0"/>
      <line num="54" count="3" type="stmt"/>
      <line num="55" count="56" type="cond" truecount="4" falsecount="0"/>
      <line num="58" count="23" type="cond" truecount="3" falsecount="0"/>
      <line num="60" count="23" type="cond" truecount="4" falsecount="0"/>
      <line num="62" count="6" type="cond" truecount="4" falsecount="0"/>
      <line num="63" count="4" type="stmt"/>
      <line num="64" count="4" type="cond" truecount="4" falsecount="0"/>
      <line num="66" count="3" type="stmt"/>
      <line num="67" count="6" type="cond" truecount="1" falsecount="1"/>
      <line num="68" count="0" type="stmt"/>
      <line num="70" count="3" type="cond" truecount="2" falsecount="0"/>
      <line num="71" count="2" type="stmt"/>
      <line num="76" count="6" type="stmt"/>
      <line num="80" count="23" type="cond" truecount="2" falsecount="0"/>
      <line num="82" count="23" type="cond" truecount="4" falsecount="0"/>
      <line num="83" count="6" type="stmt"/>
      <line num="86" count="23" type="cond" truecount="4" falsecount="0"/>
      <line num="88" count="6" type="stmt"/>
      <line num="91" count="23" type="stmt"/>
      <line num="92" count="43" type="cond" truecount="4" falsecount="0"/>
      <line num="93" count="32" type="stmt"/>
      <line num="99" count="11" type="stmt"/>
      <line num="100" count="11" type="stmt"/>
    </file>
    <file name="upload.ts" path="/Users/ivan/Project/3t.tools.intellij/mongo/mongo-schema-fetch/src/upload.ts">
      <metrics statements="22" coveredstatements="22" conditionals="6" coveredconditionals="6" methods="4" coveredmethods="4"/>
      <line num="6" count="3" type="stmt"/>
      <line num="8" count="3" type="cond" truecount="2" falsecount="0"/>
      <line num="9" count="1" type="stmt"/>
      <line num="10" count="1" type="stmt"/>
      <line num="13" count="2" type="stmt"/>
      <line num="15" count="2" type="stmt"/>
      <line num="18" count="2" type="stmt"/>
      <line num="21" count="2" type="cond" truecount="2" falsecount="0"/>
      <line num="22" count="1" type="stmt"/>
      <line num="23" count="1" type="stmt"/>
      <line num="26" count="1" type="stmt"/>
      <line num="27" count="1" type="stmt"/>
      <line num="31" count="2" type="stmt"/>
      <line num="33" count="2" type="stmt"/>
      <line num="40" count="2" type="cond" truecount="2" falsecount="0"/>
      <line num="41" count="1" type="stmt"/>
      <line num="44" count="1" type="stmt"/>
      <line num="46" count="1" type="stmt"/>
      <line num="47" count="1" type="stmt"/>
      <line num="50" count="1" type="stmt"/>
      <line num="51" count="1" type="stmt"/>
      <line num="53" count="1" type="stmt"/>
    </file>
    <file name="validation.ts" path="/Users/ivan/Project/3t.tools.intellij/mongo/mongo-schema-fetch/src/validation.ts">
      <metrics statements="8" coveredstatements="8" conditionals="4" coveredconditionals="3" methods="1" coveredmethods="1"/>
      <line num="4" count="1" type="cond" truecount="1" falsecount="1"/>
      <line num="5" count="1" type="stmt"/>
      <line num="7" count="1" type="stmt"/>
      <line num="57" count="1" type="stmt"/>
      <line num="60" count="6" type="stmt"/>
      <line num="61" count="6" type="cond" truecount="2" falsecount="0"/>
      <line num="62" count="4" type="stmt"/>
      <line num="64" count="6" type="stmt"/>
    </file>
  </project>
</coverage>
