<?xml version="1.0" encoding="UTF-8"?>
<coverage generated="1780663449420" clover="3.2.0">
  <project timestamp="1780663449420" name="All files">
    <metrics statements="261" coveredstatements="257" conditionals="217" coveredconditionals="192" methods="26" coveredmethods="24" elements="504" coveredelements="473" complexity="0" loc="261" ncloc="261" packages="1" files="4" classes="4"/>
    <file name="db.ts" path="/Users/ivan/Project/3t.tools.intellij/mongo/mongo-schema-fetch/src/db.ts">
      <metrics statements="170" coveredstatements="168" conditionals="129" coveredconditionals="107" methods="12" coveredmethods="10"/>
      <line num="38" count="1" type="stmt"/>
      <line num="39" count="1" type="stmt"/>
      <line num="40" count="2" type="stmt"/>
      <line num="41" count="2" type="cond" truecount="1" falsecount="1"/>
      <line num="42" count="2" type="stmt"/>
      <line num="43" count="2" type="stmt"/>
      <line num="44" count="2" type="stmt"/>
      <line num="47" count="1" type="stmt"/>
      <line num="54" count="2" type="stmt"/>
      <line num="55" count="2" type="cond" truecount="2" falsecount="0"/>
      <line num="56" count="1" type="stmt"/>
      <line num="57" count="1" type="cond" truecount="1" falsecount="1"/>
      <line num="58" count="1" type="stmt"/>
      <line num="61" count="2" type="stmt"/>
      <line num="67" count="2" type="cond" truecount="1" falsecount="1"/>
      <line num="68" count="2" type="stmt"/>
      <line num="71" count="2" type="cond" truecount="4" falsecount="0"/>
      <line num="72" count="1" type="stmt"/>
      <line num="78" count="2" type="cond" truecount="2" falsecount="0"/>
      <line num="79" count="1" type="stmt"/>
      <line num="82" count="2" type="cond" truecount="2" falsecount="0"/>
      <line num="83" count="1" type="stmt"/>
      <line num="86" count="2" type="cond" truecount="2" falsecount="0"/>
      <line num="87" count="1" type="stmt"/>
      <line num="90" count="2" type="cond" truecount="2" falsecount="0"/>
      <line num="91" count="1" type="stmt"/>
      <line num="94" count="2" type="cond" truecount="2" falsecount="0"/>
      <line num="95" count="1" type="stmt"/>
      <line num="98" count="2" type="cond" truecount="2" falsecount="0"/>
      <line num="99" count="1" type="stmt"/>
      <line num="102" count="2" type="cond" truecount="2" falsecount="0"/>
      <line num="103" count="1" type="stmt"/>
      <line num="106" count="2" type="cond" truecount="2" falsecount="0"/>
      <line num="107" count="1" type="stmt"/>
      <line num="110" count="2" type="cond" truecount="2" falsecount="0"/>
      <line num="111" count="1" type="stmt"/>
      <line num="114" count="2" type="cond" truecount="2" falsecount="0"/>
      <line num="115" count="1" type="stmt"/>
      <line num="118" count="2" type="cond" truecount="2" falsecount="0"/>
      <line num="119" count="1" type="stmt"/>
      <line num="122" count="2" type="cond" truecount="2" falsecount="0"/>
      <line num="123" count="1" type="stmt"/>
      <line num="126" count="2" type="cond" truecount="2" falsecount="0"/>
      <line num="127" count="1" type="stmt"/>
      <line num="130" count="2" type="cond" truecount="2" falsecount="0"/>
      <line num="131" count="1" type="stmt"/>
      <line num="134" count="2" type="cond" truecount="2" falsecount="0"/>
      <line num="135" count="1" type="stmt"/>
      <line num="138" count="2" type="cond" truecount="2" falsecount="0"/>
      <line num="139" count="1" type="stmt"/>
      <line num="142" count="2" type="cond" truecount="2" falsecount="0"/>
      <line num="143" count="1" type="stmt"/>
      <line num="146" count="2" type="cond" truecount="2" falsecount="0"/>
      <line num="147" count="1" type="stmt"/>
      <line num="150" count="2" type="cond" truecount="5" falsecount="0"/>
      <line num="151" count="1" type="stmt"/>
      <line num="152" count="1" type="cond" truecount="1" falsecount="1"/>
      <line num="153" count="1" type="stmt"/>
      <line num="155" count="1" type="cond" truecount="1" falsecount="1"/>
      <line num="156" count="1" type="stmt"/>
      <line num="158" count="1" type="cond" truecount="1" falsecount="1"/>
      <line num="159" count="1" type="stmt"/>
      <line num="163" count="2" type="cond" truecount="2" falsecount="0"/>
      <line num="164" count="1" type="stmt"/>
      <line num="167" count="2" type="stmt"/>
      <line num="168" count="2" type="stmt"/>
      <line num="169" count="2" type="stmt"/>
      <line num="170" count="2" type="stmt"/>
      <line num="174" count="2" type="stmt"/>
      <line num="175" count="2" type="stmt"/>
      <line num="176" count="2" type="stmt"/>
      <line num="181" count="2" type="stmt"/>
      <line num="185" count="2" type="stmt"/>
      <line num="186" count="2" type="stmt"/>
      <line num="188" count="1" type="stmt"/>
      <line num="191" count="2" type="stmt"/>
      <line num="192" count="2" type="stmt"/>
      <line num="193" count="1" type="cond" truecount="3" falsecount="1"/>
      <line num="194" count="1" type="cond" truecount="1" falsecount="1"/>
      <line num="195" count="1" type="stmt"/>
      <line num="197" count="1" type="cond" truecount="1" falsecount="1"/>
      <line num="198" count="1" type="stmt"/>
      <line num="200" count="1" type="cond" truecount="1" falsecount="1"/>
      <line num="201" count="1" type="stmt"/>
      <line num="203" count="1" type="stmt"/>
      <line num="205" count="1" type="cond" truecount="1" falsecount="1"/>
      <line num="206" count="1" type="stmt"/>
      <line num="209" count="1" type="stmt"/>
      <line num="212" count="2" type="stmt"/>
      <line num="213" count="2" type="stmt"/>
      <line num="214" count="1" type="cond" truecount="3" falsecount="1"/>
      <line num="215" count="1" type="cond" truecount="1" falsecount="1"/>
      <line num="216" count="1" type="stmt"/>
      <line num="217" count="1" type="cond" truecount="1" falsecount="1"/>
      <line num="218" count="1" type="stmt"/>
      <line num="221" count="1" type="stmt"/>
      <line num="222" count="1" type="cond" truecount="4" falsecount="1"/>
      <line num="223" count="1" type="stmt"/>
      <line num="226" count="1" type="stmt"/>
      <line num="227" count="1" type="cond" truecount="1" falsecount="1"/>
      <line num="228" count="1" type="stmt"/>
      <line num="232" count="1" type="cond" truecount="1" falsecount="1"/>
      <line num="233" count="1" type="stmt"/>
      <line num="246" count="1" type="stmt"/>
      <line num="249" count="2" type="stmt"/>
      <line num="263" count="1" type="stmt"/>
      <line num="264" count="3" type="stmt"/>
      <line num="272" count="2" type="stmt"/>
      <line num="274" count="2" type="stmt"/>
      <line num="275" count="2" type="stmt"/>
      <line num="276" count="2" type="stmt"/>
      <line num="278" count="1" type="stmt"/>
      <line num="281" count="2" type="cond" truecount="2" falsecount="0"/>
      <line num="282" count="1" type="stmt"/>
      <line num="283" count="2" type="cond" truecount="2" falsecount="0"/>
      <line num="284" count="2" type="cond" truecount="2" falsecount="0"/>
      <line num="286" count="2" type="stmt"/>
      <line num="287" count="2" type="stmt"/>
      <line num="288" count="2" type="stmt"/>
      <line num="290" count="2" type="stmt"/>
      <line num="291" count="2" type="stmt"/>
      <line num="292" count="1" type="cond" truecount="3" falsecount="1"/>
      <line num="293" count="1" type="stmt"/>
      <line num="294" count="1" type="stmt"/>
      <line num="295" count="1" type="stmt"/>
      <line num="296" count="1" type="cond" truecount="3" falsecount="1"/>
      <line num="297" count="1" type="stmt"/>
      <line num="298" count="1" type="stmt"/>
      <line num="302" count="1" type="stmt"/>
      <line num="305" count="2" type="stmt"/>
      <line num="306" count="2" type="stmt"/>
      <line num="308" count="2" type="cond" truecount="2" falsecount="0"/>
      <line num="309" count="1" type="stmt"/>
      <line num="310" count="1" type="stmt"/>
      <line num="312" count="0" type="stmt"/>
      <line num="315" count="1" type="stmt"/>
      <line num="316" count="1" type="stmt"/>
      <line num="317" count="1" type="cond" truecount="4" falsecount="1"/>
      <line num="318" count="1" type="stmt"/>
      <line num="321" count="0" type="stmt"/>
      <line num="325" count="2" type="stmt"/>
      <line num="339" count="1" type="stmt"/>
      <line num="340" count="1" type="stmt"/>
      <line num="343" count="11" type="stmt"/>
      <line num="344" count="11" type="stmt"/>
      <line num="348" count="6" type="cond" truecount="1" falsecount="1"/>
      <line num="350" count="6" type="stmt"/>
      <line num="351" count="6" type="stmt"/>
      <line num="352" count="6" type="stmt"/>
      <line num="354" count="6" type="cond" truecount="4" falsecount="0"/>
      <line num="355" count="5" type="stmt"/>
      <line num="356" count="5" type="stmt"/>
      <line num="359" count="6" type="stmt"/>
      <line num="361" count="6" type="cond" truecount="2" falsecount="0"/>
      <line num="362" count="5" type="stmt"/>
      <line num="365" count="6" type="stmt"/>
      <line num="366" count="6" type="cond" truecount="2" falsecount="0"/>
      <line num="370" count="2" type="stmt"/>
      <line num="372" count="2" type="stmt"/>
      <line num="373" count="2" type="stmt"/>
      <line num="374" count="2" type="stmt"/>
      <line num="376" count="1" type="stmt"/>
      <line num="379" count="2" type="stmt"/>
      <line num="380" count="2" type="stmt"/>
      <line num="381" count="2" type="stmt"/>
      <line num="382" count="1" type="stmt"/>
      <line num="383" count="3" type="cond" truecount="1" falsecount="1"/>
      <line num="384" count="3" type="stmt"/>
      <line num="388" count="1" type="stmt"/>
      <line num="391" count="2" type="stmt"/>
    </file>
    <file name="schema.ts" path="/Users/ivan/Project/3t.tools.intellij/mongo/mongo-schema-fetch/src/schema.ts">
      <metrics statements="61" coveredstatements="59" conditionals="78" coveredconditionals="76" methods="9" coveredmethods="9"/>
      <line num="17" count="11" type="stmt"/>
      <line num="19" count="11" type="stmt"/>
      <line num="20" count="11" type="cond" truecount="4" falsecount="0"/>
      <line num="21" count="1" type="stmt"/>
      <line num="24" count="10" type="cond" truecount="2" falsecount="0"/>
      <line num="25" count="1" type="stmt"/>
      <line num="26" count="9" type="cond" truecount="2" falsecount="0"/>
      <line num="27" count="1" type="stmt"/>
      <line num="32" count="11" type="stmt"/>
      <line num="35" count="11" type="cond" truecount="2" falsecount="0"/>
      <line num="37" count="7" type="stmt"/>
      <line num="40" count="4" type="stmt"/>
      <line num="44" count="11" type="stmt"/>
      <line num="46" count="11" type="stmt"/>
      <line num="47" count="11" type="cond" truecount="2" falsecount="0"/>
      <line num="48" count="11" type="stmt"/>
      <line num="54" count="11" type="stmt"/>
      <line num="56" count="0" type="stmt"/>
      <line num="62" count="18" type="stmt"/>
      <line num="63" count="18" type="cond" truecount="4" falsecount="0"/>
      <line num="64" count="10" type="stmt"/>
      <line num="68" count="8" type="stmt"/>
      <line num="69" count="8" type="stmt"/>
      <line num="70" count="8" type="stmt"/>
      <line num="71" count="8" type="stmt"/>
      <line num="72" count="8" type="stmt"/>
      <line num="74" count="8" type="stmt"/>
      <line num="75" count="11" type="cond" truecount="2" falsecount="0"/>
      <line num="76" count="8" type="stmt"/>
      <line num="77" count="8" type="cond" truecount="7" falsecount="0"/>
      <line num="82" count="6" type="stmt"/>
      <line num="87" count="2" type="stmt"/>
      <line num="91" count="20" type="cond" truecount="1" falsecount="1"/>
      <line num="94" count="20" type="stmt"/>
      <line num="98" count="137" type="cond" truecount="2" falsecount="0"/>
      <line num="99" count="19" type="stmt"/>
      <line num="100" count="120" type="cond" truecount="4" falsecount="0"/>
      <line num="103" count="44" type="cond" truecount="3" falsecount="0"/>
      <line num="105" count="44" type="cond" truecount="4" falsecount="0"/>
      <line num="107" count="12" type="cond" truecount="4" falsecount="0"/>
      <line num="108" count="10" type="stmt"/>
      <line num="109" count="10" type="cond" truecount="4" falsecount="0"/>
      <line num="112" count="10" type="cond" truecount="2" falsecount="0"/>
      <line num="113" count="10" type="cond" truecount="2" falsecount="0"/>
      <line num="114" count="7" type="cond" truecount="4" falsecount="0"/>
      <line num="116" count="6" type="stmt"/>
      <line num="117" count="10" type="cond" truecount="1" falsecount="1"/>
      <line num="118" count="0" type="stmt"/>
      <line num="120" count="6" type="cond" truecount="2" falsecount="0"/>
      <line num="121" count="5" type="stmt"/>
      <line num="127" count="12" type="stmt"/>
      <line num="131" count="44" type="cond" truecount="2" falsecount="0"/>
      <line num="133" count="44" type="cond" truecount="4" falsecount="0"/>
      <line num="134" count="12" type="stmt"/>
      <line num="137" count="44" type="cond" truecount="4" falsecount="0"/>
      <line num="139" count="12" type="stmt"/>
      <line num="142" count="44" type="stmt"/>
      <line num="143" count="97" type="cond" truecount="4" falsecount="0"/>
      <line num="144" count="74" type="stmt"/>
      <line num="150" count="20" type="stmt"/>
      <line num="151" count="20" type="stmt"/>
    </file>
    <file name="upload.ts" path="/Users/ivan/Project/3t.tools.intellij/mongo/mongo-schema-fetch/src/upload.ts">
      <metrics statements="22" coveredstatements="22" conditionals="6" coveredconditionals="6" methods="4" coveredmethods="4"/>
      <line num="6" count="3" type="stmt"/>
      <line num="8" count="3" type="cond" truecount="2" falsecount="0"/>
      <line num="9" count="1" type="stmt"/>
      <line num="10" count="1" type="stmt"/>
      <line num="13" count="2" type="stmt"/>
      <line num="15" count="2" type="stmt"/>
      <line num="18" count="2" type="stmt"/>
      <line num="21" count="2" type="cond" truecount="2" falsecount="0"/>
      <line num="22" count="1" type="stmt"/>
      <line num="23" count="1" type="stmt"/>
      <line num="26" count="1" type="stmt"/>
      <line num="27" count="1" type="stmt"/>
      <line num="31" count="2" type="stmt"/>
      <line num="33" count="2" type="stmt"/>
      <line num="40" count="2" type="cond" truecount="2" falsecount="0"/>
      <line num="41" count="1" type="stmt"/>
      <line num="44" count="1" type="stmt"/>
      <line num="46" count="1" type="stmt"/>
      <line num="47" count="1" type="stmt"/>
      <line num="50" count="1" type="stmt"/>
      <line num="51" count="1" type="stmt"/>
      <line num="53" count="1" type="stmt"/>
    </file>
    <file name="validation.ts" path="/Users/ivan/Project/3t.tools.intellij/mongo/mongo-schema-fetch/src/validation.ts">
      <metrics statements="8" coveredstatements="8" conditionals="4" coveredconditionals="3" methods="1" coveredmethods="1"/>
      <line num="4" count="1" type="cond" truecount="1" falsecount="1"/>
      <line num="5" count="1" type="stmt"/>
      <line num="7" count="1" type="stmt"/>
      <line num="65" count="1" type="stmt"/>
      <line num="68" count="6" type="stmt"/>
      <line num="69" count="6" type="cond" truecount="2" falsecount="0"/>
      <line num="70" count="4" type="stmt"/>
      <line num="72" count="6" type="stmt"/>
    </file>
  </project>
</coverage>
