{"/Users/ivan/Project/3t.tools.intellij/mongo/mongo-schema-fetch/src/db.ts": {"path":"/Users/ivan/Project/3t.tools.intellij/mongo/mongo-schema-fetch/src/db.ts","statementMap":{"0":{"start":{"line":38,"column":40},"end":{"line":38,"column":null}},"1":{"start":{"line":39,"column":2},"end":{"line":46,"column":null}},"2":{"start":{"line":40,"column":21},"end":{"line":40,"column":null}},"3":{"start":{"line":41,"column":4},"end":{"line":45,"column":null}},"4":{"start":{"line":42,"column":18},"end":{"line":42,"column":null}},"5":{"start":{"line":43,"column":20},"end":{"line":43,"column":null}},"6":{"start":{"line":44,"column":6},"end":{"line":44,"column":null}},"7":{"start":{"line":47,"column":2},"end":{"line":47,"column":null}},"8":{"start":{"line":54,"column":36},"end":{"line":54,"column":null}},"9":{"start":{"line":55,"column":2},"end":{"line":59,"column":null}},"10":{"start":{"line":56,"column":4},"end":{"line":56,"column":null}},"11":{"start":{"line":57,"column":9},"end":{"line":59,"column":null}},"12":{"start":{"line":58,"column":4},"end":{"line":58,"column":null}},"13":{"start":{"line":61,"column":23},"end":{"line":65,"column":null}},"14":{"start":{"line":67,"column":2},"end":{"line":69,"column":null}},"15":{"start":{"line":68,"column":4},"end":{"line":68,"column":null}},"16":{"start":{"line":71,"column":2},"end":{"line":76,"column":null}},"17":{"start":{"line":72,"column":4},"end":{"line":75,"column":null}},"18":{"start":{"line":78,"column":2},"end":{"line":80,"column":null}},"19":{"start":{"line":79,"column":4},"end":{"line":79,"column":null}},"20":{"start":{"line":82,"column":2},"end":{"line":84,"column":null}},"21":{"start":{"line":83,"column":4},"end":{"line":83,"column":null}},"22":{"start":{"line":86,"column":2},"end":{"line":88,"column":null}},"23":{"start":{"line":87,"column":4},"end":{"line":87,"column":null}},"24":{"start":{"line":90,"column":2},"end":{"line":92,"column":null}},"25":{"start":{"line":91,"column":4},"end":{"line":91,"column":null}},"26":{"start":{"line":94,"column":2},"end":{"line":96,"column":null}},"27":{"start":{"line":95,"column":4},"end":{"line":95,"column":null}},"28":{"start":{"line":98,"column":2},"end":{"line":100,"column":null}},"29":{"start":{"line":99,"column":4},"end":{"line":99,"column":null}},"30":{"start":{"line":102,"column":2},"end":{"line":104,"column":null}},"31":{"start":{"line":103,"column":4},"end":{"line":103,"column":null}},"32":{"start":{"line":106,"column":2},"end":{"line":108,"column":null}},"33":{"start":{"line":107,"column":4},"end":{"line":107,"column":null}},"34":{"start":{"line":110,"column":2},"end":{"line":112,"column":null}},"35":{"start":{"line":111,"column":4},"end":{"line":111,"column":null}},"36":{"start":{"line":114,"column":2},"end":{"line":116,"column":null}},"37":{"start":{"line":115,"column":4},"end":{"line":115,"column":null}},"38":{"start":{"line":118,"column":2},"end":{"line":120,"column":null}},"39":{"start":{"line":119,"column":4},"end":{"line":119,"column":null}},"40":{"start":{"line":122,"column":2},"end":{"line":124,"column":null}},"41":{"start":{"line":123,"column":4},"end":{"line":123,"column":null}},"42":{"start":{"line":126,"column":2},"end":{"line":128,"column":null}},"43":{"start":{"line":127,"column":4},"end":{"line":127,"column":null}},"44":{"start":{"line":130,"column":2},"end":{"line":132,"column":null}},"45":{"start":{"line":131,"column":4},"end":{"line":131,"column":null}},"46":{"start":{"line":134,"column":2},"end":{"line":136,"column":null}},"47":{"start":{"line":135,"column":4},"end":{"line":135,"column":null}},"48":{"start":{"line":138,"column":2},"end":{"line":140,"column":null}},"49":{"start":{"line":139,"column":4},"end":{"line":139,"column":null}},"50":{"start":{"line":142,"column":2},"end":{"line":144,"column":null}},"51":{"start":{"line":143,"column":4},"end":{"line":143,"column":null}},"52":{"start":{"line":146,"column":2},"end":{"line":148,"column":null}},"53":{"start":{"line":147,"column":4},"end":{"line":147,"column":null}},"54":{"start":{"line":150,"column":2},"end":{"line":161,"column":null}},"55":{"start":{"line":151,"column":4},"end":{"line":151,"column":null}},"56":{"start":{"line":152,"column":4},"end":{"line":154,"column":null}},"57":{"start":{"line":153,"column":6},"end":{"line":153,"column":null}},"58":{"start":{"line":155,"column":4},"end":{"line":157,"column":null}},"59":{"start":{"line":156,"column":6},"end":{"line":156,"column":null}},"60":{"start":{"line":158,"column":4},"end":{"line":160,"column":null}},"61":{"start":{"line":159,"column":6},"end":{"line":159,"column":null}},"62":{"start":{"line":163,"column":2},"end":{"line":165,"column":null}},"63":{"start":{"line":164,"column":4},"end":{"line":164,"column":null}},"64":{"start":{"line":167,"column":17},"end":{"line":167,"column":null}},"65":{"start":{"line":168,"column":2},"end":{"line":168,"column":null}},"66":{"start":{"line":169,"column":13},"end":{"line":169,"column":null}},"67":{"start":{"line":170,"column":2},"end":{"line":170,"column":null}},"68":{"start":{"line":174,"column":18},"end":{"line":174,"column":null}},"69":{"start":{"line":175,"column":23},"end":{"line":175,"column":null}},"70":{"start":{"line":176,"column":22},"end":{"line":176,"column":null}},"71":{"start":{"line":181,"column":36},"end":{"line":181,"column":null}},"72":{"start":{"line":185,"column":2},"end":{"line":189,"column":null}},"73":{"start":{"line":186,"column":4},"end":{"line":186,"column":null}},"74":{"start":{"line":188,"column":4},"end":{"line":188,"column":null}},"75":{"start":{"line":191,"column":2},"end":{"line":210,"column":null}},"76":{"start":{"line":192,"column":4},"end":{"line":192,"column":null}},"77":{"start":{"line":193,"column":4},"end":{"line":204,"column":null}},"78":{"start":{"line":194,"column":6},"end":{"line":196,"column":null}},"79":{"start":{"line":195,"column":8},"end":{"line":195,"column":null}},"80":{"start":{"line":197,"column":6},"end":{"line":199,"column":null}},"81":{"start":{"line":198,"column":8},"end":{"line":198,"column":null}},"82":{"start":{"line":200,"column":6},"end":{"line":202,"column":null}},"83":{"start":{"line":201,"column":8},"end":{"line":201,"column":null}},"84":{"start":{"line":203,"column":6},"end":{"line":203,"column":null}},"85":{"start":{"line":205,"column":4},"end":{"line":207,"column":null}},"86":{"start":{"line":206,"column":6},"end":{"line":206,"column":null}},"87":{"start":{"line":209,"column":4},"end":{"line":209,"column":null}},"88":{"start":{"line":212,"column":2},"end":{"line":247,"column":null}},"89":{"start":{"line":213,"column":25},"end":{"line":213,"column":null}},"90":{"start":{"line":214,"column":4},"end":{"line":244,"column":null}},"91":{"start":{"line":215,"column":6},"end":{"line":230,"column":null}},"92":{"start":{"line":216,"column":25},"end":{"line":216,"column":null}},"93":{"start":{"line":217,"column":8},"end":{"line":219,"column":null}},"94":{"start":{"line":218,"column":10},"end":{"line":218,"column":null}},"95":{"start":{"line":221,"column":27},"end":{"line":221,"column":null}},"96":{"start":{"line":222,"column":8},"end":{"line":224,"column":null}},"97":{"start":{"line":223,"column":10},"end":{"line":223,"column":null}},"98":{"start":{"line":226,"column":24},"end":{"line":226,"column":null}},"99":{"start":{"line":227,"column":8},"end":{"line":229,"column":null}},"100":{"start":{"line":228,"column":10},"end":{"line":228,"column":null}},"101":{"start":{"line":232,"column":6},"end":{"line":243,"column":null}},"102":{"start":{"line":233,"column":8},"end":{"line":242,"column":null}},"103":{"start":{"line":246,"column":4},"end":{"line":246,"column":null}},"104":{"start":{"line":249,"column":2},"end":{"line":259,"column":null}},"105":{"start":{"line":263,"column":22},"end":{"line":263,"column":null}},"106":{"start":{"line":264,"column":2},"end":{"line":264,"column":null}},"107":{"start":{"line":264,"column":30},"end":{"line":264,"column":36}},"108":{"start":{"line":264,"column":53},"end":{"line":264,"column":80}},"109":{"start":{"line":272,"column":15},"end":{"line":272,"column":null}},"110":{"start":{"line":274,"column":19},"end":{"line":274,"column":null}},"111":{"start":{"line":275,"column":2},"end":{"line":279,"column":null}},"112":{"start":{"line":276,"column":4},"end":{"line":276,"column":null}},"113":{"start":{"line":278,"column":4},"end":{"line":278,"column":null}},"114":{"start":{"line":281,"column":16},"end":{"line":281,"column":null}},"115":{"start":{"line":281,"column":71},"end":{"line":281,"column":72}},"116":{"start":{"line":282,"column":33},"end":{"line":282,"column":null}},"117":{"start":{"line":282,"column":81},"end":{"line":282,"column":82}},"118":{"start":{"line":283,"column":21},"end":{"line":283,"column":null}},"119":{"start":{"line":284,"column":25},"end":{"line":284,"column":null}},"120":{"start":{"line":286,"column":33},"end":{"line":286,"column":null}},"121":{"start":{"line":287,"column":28},"end":{"line":287,"column":null}},"122":{"start":{"line":288,"column":23},"end":{"line":288,"column":null}},"123":{"start":{"line":290,"column":2},"end":{"line":303,"column":null}},"124":{"start":{"line":291,"column":17},"end":{"line":291,"column":null}},"125":{"start":{"line":292,"column":4},"end":{"line":300,"column":null}},"126":{"start":{"line":293,"column":19},"end":{"line":293,"column":null}},"127":{"start":{"line":294,"column":6},"end":{"line":294,"column":null}},"128":{"start":{"line":295,"column":6},"end":{"line":295,"column":null}},"129":{"start":{"line":296,"column":6},"end":{"line":299,"column":null}},"130":{"start":{"line":297,"column":8},"end":{"line":297,"column":null}},"131":{"start":{"line":298,"column":8},"end":{"line":298,"column":null}},"132":{"start":{"line":302,"column":4},"end":{"line":302,"column":null}},"133":{"start":{"line":305,"column":37},"end":{"line":305,"column":null}},"134":{"start":{"line":306,"column":26},"end":{"line":306,"column":null}},"135":{"start":{"line":308,"column":2},"end":{"line":323,"column":null}},"136":{"start":{"line":309,"column":4},"end":{"line":313,"column":null}},"137":{"start":{"line":310,"column":6},"end":{"line":310,"column":null}},"138":{"start":{"line":312,"column":6},"end":{"line":312,"column":null}},"139":{"start":{"line":315,"column":4},"end":{"line":322,"column":null}},"140":{"start":{"line":316,"column":27},"end":{"line":316,"column":null}},"141":{"start":{"line":317,"column":6},"end":{"line":319,"column":null}},"142":{"start":{"line":318,"column":8},"end":{"line":318,"column":null}},"143":{"start":{"line":321,"column":6},"end":{"line":321,"column":null}},"144":{"start":{"line":325,"column":2},"end":{"line":336,"column":null}},"145":{"start":{"line":339,"column":16},"end":{"line":339,"column":null}},"146":{"start":{"line":340,"column":18},"end":{"line":340,"column":null}},"147":{"start":{"line":343,"column":2},"end":{"line":343,"column":null}},"148":{"start":{"line":344,"column":2},"end":{"line":344,"column":null}},"149":{"start":{"line":348,"column":2},"end":{"line":348,"column":null}},"150":{"start":{"line":348,"column":16},"end":{"line":348,"column":null}},"151":{"start":{"line":350,"column":25},"end":{"line":350,"column":null}},"152":{"start":{"line":351,"column":17},"end":{"line":351,"column":null}},"153":{"start":{"line":352,"column":17},"end":{"line":352,"column":null}},"154":{"start":{"line":354,"column":2},"end":{"line":357,"column":null}},"155":{"start":{"line":355,"column":4},"end":{"line":355,"column":null}},"156":{"start":{"line":356,"column":4},"end":{"line":356,"column":null}},"157":{"start":{"line":359,"column":24},"end":{"line":359,"column":null}},"158":{"start":{"line":361,"column":2},"end":{"line":363,"column":null}},"159":{"start":{"line":362,"column":4},"end":{"line":362,"column":null}},"160":{"start":{"line":365,"column":23},"end":{"line":365,"column":null}},"161":{"start":{"line":366,"column":2},"end":{"line":366,"column":null}},"162":{"start":{"line":370,"column":15},"end":{"line":370,"column":null}},"163":{"start":{"line":372,"column":23},"end":{"line":372,"column":null}},"164":{"start":{"line":373,"column":2},"end":{"line":377,"column":null}},"165":{"start":{"line":374,"column":4},"end":{"line":374,"column":null}},"166":{"start":{"line":376,"column":4},"end":{"line":376,"column":null}},"167":{"start":{"line":379,"column":26},"end":{"line":379,"column":null}},"168":{"start":{"line":380,"column":2},"end":{"line":389,"column":null}},"169":{"start":{"line":381,"column":4},"end":{"line":381,"column":null}},"170":{"start":{"line":382,"column":4},"end":{"line":386,"column":null}},"171":{"start":{"line":383,"column":6},"end":{"line":385,"column":null}},"172":{"start":{"line":384,"column":8},"end":{"line":384,"column":null}},"173":{"start":{"line":388,"column":4},"end":{"line":388,"column":null}},"174":{"start":{"line":391,"column":2},"end":{"line":395,"column":null}}},"fnMap":{"0":{"name":"parseAuthMechanismProperties","decl":{"start":{"line":37,"column":9},"end":{"line":37,"column":38}},"loc":{"start":{"line":37,"column":79},"end":{"line":48,"column":null}},"line":37},"1":{"name":"connectToDb","decl":{"start":{"line":50,"column":22},"end":{"line":50,"column":null}},"loc":{"start":{"line":53,"column":44},"end":{"line":171,"column":null}},"line":53},"2":{"name":"fetchServerContext","decl":{"start":{"line":173,"column":22},"end":{"line":173,"column":41}},"loc":{"start":{"line":173,"column":73},"end":{"line":260,"column":null}},"line":173},"3":{"name":"getCollectionNames","decl":{"start":{"line":262,"column":22},"end":{"line":262,"column":41}},"loc":{"start":{"line":262,"column":68},"end":{"line":265,"column":null}},"line":262},"4":{"name":"(anonymous_4)","decl":{"start":{"line":264,"column":21},"end":{"line":264,"column":25}},"loc":{"start":{"line":264,"column":30},"end":{"line":264,"column":36}},"line":264},"5":{"name":"(anonymous_5)","decl":{"start":{"line":264,"column":38},"end":{"line":264,"column":45}},"loc":{"start":{"line":264,"column":53},"end":{"line":264,"column":80}},"line":264},"6":{"name":"fetchCollectionStats","decl":{"start":{"line":267,"column":22},"end":{"line":267,"column":null}},"loc":{"start":{"line":271,"column":28},"end":{"line":337,"column":null}},"line":271},"7":{"name":"(anonymous_7)","decl":{"start":{"line":281,"column":59},"end":{"line":281,"column":71}},"loc":{"start":{"line":281,"column":71},"end":{"line":281,"column":72}},"line":281},"8":{"name":"(anonymous_8)","decl":{"start":{"line":282,"column":69},"end":{"line":282,"column":81}},"loc":{"start":{"line":282,"column":81},"end":{"line":282,"column":82}},"line":282},"9":{"name":"clearHostMap","decl":{"start":{"line":342,"column":16},"end":{"line":342,"column":37}},"loc":{"start":{"line":342,"column":37},"end":{"line":345,"column":null}},"line":342},"10":{"name":"sanitizeHost","decl":{"start":{"line":347,"column":16},"end":{"line":347,"column":29}},"loc":{"start":{"line":347,"column":54},"end":{"line":367,"column":null}},"line":347},"11":{"name":"fetchCollectionIndexes","decl":{"start":{"line":369,"column":22},"end":{"line":369,"column":45}},"loc":{"start":{"line":369,"column":105},"end":{"line":396,"column":null}},"line":369}},"branchMap":{"0":{"loc":{"start":{"line":41,"column":4},"end":{"line":45,"column":null}},"type":"if","locations":[{"start":{"line":41,"column":4},"end":{"line":45,"column":null}},{"start":{},"end":{}}],"line":41},"1":{"loc":{"start":{"line":55,"column":2},"end":{"line":59,"column":null}},"type":"if","locations":[{"start":{"line":55,"column":2},"end":{"line":59,"column":null}},{"start":{"line":57,"column":9},"end":{"line":59,"column":null}}],"line":55},"2":{"loc":{"start":{"line":57,"column":9},"end":{"line":59,"column":null}},"type":"if","locations":[{"start":{"line":57,"column":9},"end":{"line":59,"column":null}},{"start":{},"end":{}}],"line":57},"3":{"loc":{"start":{"line":62,"column":30},"end":{"line":62,"column":null}},"type":"binary-expr","locations":[{"start":{"line":62,"column":30},"end":{"line":62,"column":67}},{"start":{"line":62,"column":67},"end":{"line":62,"column":null}}],"line":62},"4":{"loc":{"start":{"line":63,"column":22},"end":{"line":63,"column":null}},"type":"binary-expr","locations":[{"start":{"line":63,"column":22},"end":{"line":63,"column":51}},{"start":{"line":63,"column":51},"end":{"line":63,"column":null}}],"line":63},"5":{"loc":{"start":{"line":64,"column":13},"end":{"line":64,"column":null}},"type":"binary-expr","locations":[{"start":{"line":64,"column":13},"end":{"line":64,"column":33}},{"start":{"line":64,"column":33},"end":{"line":64,"column":null}}],"line":64},"6":{"loc":{"start":{"line":67,"column":2},"end":{"line":69,"column":null}},"type":"if","locations":[{"start":{"line":67,"column":2},"end":{"line":69,"column":null}},{"start":{},"end":{}}],"line":67},"7":{"loc":{"start":{"line":71,"column":2},"end":{"line":76,"column":null}},"type":"if","locations":[{"start":{"line":71,"column":2},"end":{"line":76,"column":null}},{"start":{},"end":{}}],"line":71},"8":{"loc":{"start":{"line":71,"column":6},"end":{"line":71,"column":74}},"type":"binary-expr","locations":[{"start":{"line":71,"column":6},"end":{"line":71,"column":41}},{"start":{"line":71,"column":41},"end":{"line":71,"column":74}}],"line":71},"9":{"loc":{"start":{"line":78,"column":2},"end":{"line":80,"column":null}},"type":"if","locations":[{"start":{"line":78,"column":2},"end":{"line":80,"column":null}},{"start":{},"end":{}}],"line":78},"10":{"loc":{"start":{"line":82,"column":2},"end":{"line":84,"column":null}},"type":"if","locations":[{"start":{"line":82,"column":2},"end":{"line":84,"column":null}},{"start":{},"end":{}}],"line":82},"11":{"loc":{"start":{"line":86,"column":2},"end":{"line":88,"column":null}},"type":"if","locations":[{"start":{"line":86,"column":2},"end":{"line":88,"column":null}},{"start":{},"end":{}}],"line":86},"12":{"loc":{"start":{"line":90,"column":2},"end":{"line":92,"column":null}},"type":"if","locations":[{"start":{"line":90,"column":2},"end":{"line":92,"column":null}},{"start":{},"end":{}}],"line":90},"13":{"loc":{"start":{"line":94,"column":2},"end":{"line":96,"column":null}},"type":"if","locations":[{"start":{"line":94,"column":2},"end":{"line":96,"column":null}},{"start":{},"end":{}}],"line":94},"14":{"loc":{"start":{"line":98,"column":2},"end":{"line":100,"column":null}},"type":"if","locations":[{"start":{"line":98,"column":2},"end":{"line":100,"column":null}},{"start":{},"end":{}}],"line":98},"15":{"loc":{"start":{"line":102,"column":2},"end":{"line":104,"column":null}},"type":"if","locations":[{"start":{"line":102,"column":2},"end":{"line":104,"column":null}},{"start":{},"end":{}}],"line":102},"16":{"loc":{"start":{"line":106,"column":2},"end":{"line":108,"column":null}},"type":"if","locations":[{"start":{"line":106,"column":2},"end":{"line":108,"column":null}},{"start":{},"end":{}}],"line":106},"17":{"loc":{"start":{"line":110,"column":2},"end":{"line":112,"column":null}},"type":"if","locations":[{"start":{"line":110,"column":2},"end":{"line":112,"column":null}},{"start":{},"end":{}}],"line":110},"18":{"loc":{"start":{"line":114,"column":2},"end":{"line":116,"column":null}},"type":"if","locations":[{"start":{"line":114,"column":2},"end":{"line":116,"column":null}},{"start":{},"end":{}}],"line":114},"19":{"loc":{"start":{"line":118,"column":2},"end":{"line":120,"column":null}},"type":"if","locations":[{"start":{"line":118,"column":2},"end":{"line":120,"column":null}},{"start":{},"end":{}}],"line":118},"20":{"loc":{"start":{"line":122,"column":2},"end":{"line":124,"column":null}},"type":"if","locations":[{"start":{"line":122,"column":2},"end":{"line":124,"column":null}},{"start":{},"end":{}}],"line":122},"21":{"loc":{"start":{"line":126,"column":2},"end":{"line":128,"column":null}},"type":"if","locations":[{"start":{"line":126,"column":2},"end":{"line":128,"column":null}},{"start":{},"end":{}}],"line":126},"22":{"loc":{"start":{"line":130,"column":2},"end":{"line":132,"column":null}},"type":"if","locations":[{"start":{"line":130,"column":2},"end":{"line":132,"column":null}},{"start":{},"end":{}}],"line":130},"23":{"loc":{"start":{"line":134,"column":2},"end":{"line":136,"column":null}},"type":"if","locations":[{"start":{"line":134,"column":2},"end":{"line":136,"column":null}},{"start":{},"end":{}}],"line":134},"24":{"loc":{"start":{"line":138,"column":2},"end":{"line":140,"column":null}},"type":"if","locations":[{"start":{"line":138,"column":2},"end":{"line":140,"column":null}},{"start":{},"end":{}}],"line":138},"25":{"loc":{"start":{"line":142,"column":2},"end":{"line":144,"column":null}},"type":"if","locations":[{"start":{"line":142,"column":2},"end":{"line":144,"column":null}},{"start":{},"end":{}}],"line":142},"26":{"loc":{"start":{"line":146,"column":2},"end":{"line":148,"column":null}},"type":"if","locations":[{"start":{"line":146,"column":2},"end":{"line":148,"column":null}},{"start":{},"end":{}}],"line":146},"27":{"loc":{"start":{"line":150,"column":2},"end":{"line":161,"column":null}},"type":"if","locations":[{"start":{"line":150,"column":2},"end":{"line":161,"column":null}},{"start":{},"end":{}}],"line":150},"28":{"loc":{"start":{"line":150,"column":6},"end":{"line":150,"column":103}},"type":"binary-expr","locations":[{"start":{"line":150,"column":6},"end":{"line":150,"column":34}},{"start":{"line":150,"column":34},"end":{"line":150,"column":68}},{"start":{"line":150,"column":68},"end":{"line":150,"column":103}}],"line":150},"29":{"loc":{"start":{"line":152,"column":4},"end":{"line":154,"column":null}},"type":"if","locations":[{"start":{"line":152,"column":4},"end":{"line":154,"column":null}},{"start":{},"end":{}}],"line":152},"30":{"loc":{"start":{"line":155,"column":4},"end":{"line":157,"column":null}},"type":"if","locations":[{"start":{"line":155,"column":4},"end":{"line":157,"column":null}},{"start":{},"end":{}}],"line":155},"31":{"loc":{"start":{"line":158,"column":4},"end":{"line":160,"column":null}},"type":"if","locations":[{"start":{"line":158,"column":4},"end":{"line":160,"column":null}},{"start":{},"end":{}}],"line":158},"32":{"loc":{"start":{"line":163,"column":2},"end":{"line":165,"column":null}},"type":"if","locations":[{"start":{"line":163,"column":2},"end":{"line":165,"column":null}},{"start":{},"end":{}}],"line":163},"33":{"loc":{"start":{"line":193,"column":4},"end":{"line":204,"column":null}},"type":"if","locations":[{"start":{"line":193,"column":4},"end":{"line":204,"column":null}},{"start":{},"end":{}}],"line":193},"34":{"loc":{"start":{"line":193,"column":8},"end":{"line":193,"column":37}},"type":"binary-expr","locations":[{"start":{"line":193,"column":8},"end":{"line":193,"column":20}},{"start":{"line":193,"column":20},"end":{"line":193,"column":37}}],"line":193},"35":{"loc":{"start":{"line":194,"column":6},"end":{"line":196,"column":null}},"type":"if","locations":[{"start":{"line":194,"column":6},"end":{"line":196,"column":null}},{"start":{},"end":{}}],"line":194},"36":{"loc":{"start":{"line":197,"column":6},"end":{"line":199,"column":null}},"type":"if","locations":[{"start":{"line":197,"column":6},"end":{"line":199,"column":null}},{"start":{},"end":{}}],"line":197},"37":{"loc":{"start":{"line":200,"column":6},"end":{"line":202,"column":null}},"type":"if","locations":[{"start":{"line":200,"column":6},"end":{"line":202,"column":null}},{"start":{},"end":{}}],"line":200},"38":{"loc":{"start":{"line":205,"column":4},"end":{"line":207,"column":null}},"type":"if","locations":[{"start":{"line":205,"column":4},"end":{"line":207,"column":null}},{"start":{},"end":{}}],"line":205},"39":{"loc":{"start":{"line":214,"column":4},"end":{"line":244,"column":null}},"type":"if","locations":[{"start":{"line":214,"column":4},"end":{"line":244,"column":null}},{"start":{},"end":{}}],"line":214},"40":{"loc":{"start":{"line":214,"column":8},"end":{"line":214,"column":49}},"type":"binary-expr","locations":[{"start":{"line":214,"column":8},"end":{"line":214,"column":24}},{"start":{"line":214,"column":24},"end":{"line":214,"column":49}}],"line":214},"41":{"loc":{"start":{"line":215,"column":6},"end":{"line":230,"column":null}},"type":"if","locations":[{"start":{"line":215,"column":6},"end":{"line":230,"column":null}},{"start":{},"end":{}}],"line":215},"42":{"loc":{"start":{"line":217,"column":8},"end":{"line":219,"column":null}},"type":"if","locations":[{"start":{"line":217,"column":8},"end":{"line":219,"column":null}},{"start":{},"end":{}}],"line":217},"43":{"loc":{"start":{"line":222,"column":8},"end":{"line":224,"column":null}},"type":"if","locations":[{"start":{"line":222,"column":8},"end":{"line":224,"column":null}},{"start":{},"end":{}}],"line":222},"44":{"loc":{"start":{"line":222,"column":12},"end":{"line":222,"column":92}},"type":"binary-expr","locations":[{"start":{"line":222,"column":12},"end":{"line":222,"column":46}},{"start":{"line":222,"column":46},"end":{"line":222,"column":78}},{"start":{"line":222,"column":78},"end":{"line":222,"column":92}}],"line":222},"45":{"loc":{"start":{"line":227,"column":8},"end":{"line":229,"column":null}},"type":"if","locations":[{"start":{"line":227,"column":8},"end":{"line":229,"column":null}},{"start":{},"end":{}}],"line":227},"46":{"loc":{"start":{"line":232,"column":6},"end":{"line":243,"column":null}},"type":"if","locations":[{"start":{"line":232,"column":6},"end":{"line":243,"column":null}},{"start":{},"end":{}}],"line":232},"47":{"loc":{"start":{"line":281,"column":16},"end":{"line":281,"column":null}},"type":"binary-expr","locations":[{"start":{"line":281,"column":16},"end":{"line":281,"column":31}},{"start":{"line":281,"column":31},"end":{"line":281,"column":null}}],"line":281},"48":{"loc":{"start":{"line":283,"column":21},"end":{"line":283,"column":null}},"type":"binary-expr","locations":[{"start":{"line":283,"column":21},"end":{"line":283,"column":41}},{"start":{"line":283,"column":41},"end":{"line":283,"column":null}}],"line":283},"49":{"loc":{"start":{"line":284,"column":25},"end":{"line":284,"column":null}},"type":"binary-expr","locations":[{"start":{"line":284,"column":25},"end":{"line":284,"column":49}},{"start":{"line":284,"column":49},"end":{"line":284,"column":null}}],"line":284},"50":{"loc":{"start":{"line":292,"column":4},"end":{"line":300,"column":null}},"type":"if","locations":[{"start":{"line":292,"column":4},"end":{"line":300,"column":null}},{"start":{},"end":{}}],"line":292},"51":{"loc":{"start":{"line":292,"column":8},"end":{"line":292,"column":33}},"type":"binary-expr","locations":[{"start":{"line":292,"column":8},"end":{"line":292,"column":16}},{"start":{"line":292,"column":16},"end":{"line":292,"column":33}}],"line":292},"52":{"loc":{"start":{"line":296,"column":6},"end":{"line":299,"column":null}},"type":"if","locations":[{"start":{"line":296,"column":6},"end":{"line":299,"column":null}},{"start":{},"end":{}}],"line":296},"53":{"loc":{"start":{"line":296,"column":10},"end":{"line":296,"column":54}},"type":"binary-expr","locations":[{"start":{"line":296,"column":10},"end":{"line":296,"column":28}},{"start":{"line":296,"column":28},"end":{"line":296,"column":54}}],"line":296},"54":{"loc":{"start":{"line":308,"column":2},"end":{"line":323,"column":null}},"type":"if","locations":[{"start":{"line":308,"column":2},"end":{"line":323,"column":null}},{"start":{},"end":{}}],"line":308},"55":{"loc":{"start":{"line":317,"column":6},"end":{"line":319,"column":null}},"type":"if","locations":[{"start":{"line":317,"column":6},"end":{"line":319,"column":null}},{"start":{},"end":{}}],"line":317},"56":{"loc":{"start":{"line":317,"column":10},"end":{"line":317,"column":83}},"type":"binary-expr","locations":[{"start":{"line":317,"column":10},"end":{"line":317,"column":26}},{"start":{"line":317,"column":26},"end":{"line":317,"column":53}},{"start":{"line":317,"column":53},"end":{"line":317,"column":83}}],"line":317},"57":{"loc":{"start":{"line":348,"column":2},"end":{"line":348,"column":null}},"type":"if","locations":[{"start":{"line":348,"column":2},"end":{"line":348,"column":null}},{"start":{},"end":{}}],"line":348},"58":{"loc":{"start":{"line":354,"column":2},"end":{"line":357,"column":null}},"type":"if","locations":[{"start":{"line":354,"column":2},"end":{"line":357,"column":null}},{"start":{},"end":{}}],"line":354},"59":{"loc":{"start":{"line":354,"column":6},"end":{"line":354,"column":74}},"type":"binary-expr","locations":[{"start":{"line":354,"column":6},"end":{"line":354,"column":31}},{"start":{"line":354,"column":31},"end":{"line":354,"column":74}}],"line":354},"60":{"loc":{"start":{"line":361,"column":2},"end":{"line":363,"column":null}},"type":"if","locations":[{"start":{"line":361,"column":2},"end":{"line":363,"column":null}},{"start":{},"end":{}}],"line":361},"61":{"loc":{"start":{"line":366,"column":9},"end":{"line":366,"column":null}},"type":"cond-expr","locations":[{"start":{"line":366,"column":20},"end":{"line":366,"column":51}},{"start":{"line":366,"column":51},"end":{"line":366,"column":null}}],"line":366},"62":{"loc":{"start":{"line":383,"column":6},"end":{"line":385,"column":null}},"type":"if","locations":[{"start":{"line":383,"column":6},"end":{"line":385,"column":null}},{"start":{},"end":{}}],"line":383}},"s":{"0":1,"1":1,"2":2,"3":2,"4":2,"5":2,"6":2,"7":1,"8":2,"9":2,"10":1,"11":1,"12":1,"13":2,"14":2,"15":2,"16":2,"17":1,"18":2,"19":1,"20":2,"21":1,"22":2,"23":1,"24":2,"25":1,"26":2,"27":1,"28":2,"29":1,"30":2,"31":1,"32":2,"33":1,"34":2,"35":1,"36":2,"37":1,"38":2,"39":1,"40":2,"41":1,"42":2,"43":1,"44":2,"45":1,"46":2,"47":1,"48":2,"49":1,"50":2,"51":1,"52":2,"53":1,"54":2,"55":1,"56":1,"57":1,"58":1,"59":1,"60":1,"61":1,"62":2,"63":1,"64":2,"65":2,"66":2,"67":2,"68":2,"69":2,"70":2,"71":2,"72":2,"73":2,"74":1,"75":2,"76":2,"77":1,"78":1,"79":1,"80":1,"81":1,"82":1,"83":1,"84":1,"85":1,"86":1,"87":1,"88":2,"89":2,"90":1,"91":1,"92":1,"93":1,"94":1,"95":1,"96":1,"97":1,"98":1,"99":1,"100":1,"101":1,"102":1,"103":1,"104":2,"105":1,"106":1,"107":3,"108":3,"109":2,"110":2,"111":2,"112":2,"113":1,"114":2,"115":0,"116":1,"117":0,"118":2,"119":2,"120":2,"121":2,"122":2,"123":2,"124":2,"125":1,"126":1,"127":1,"128":1,"129":1,"130":1,"131":1,"132":1,"133":2,"134":2,"135":2,"136":1,"137":1,"138":0,"139":1,"140":1,"141":1,"142":1,"143":0,"144":2,"145":1,"146":1,"147":11,"148":11,"149":6,"150":0,"151":6,"152":6,"153":6,"154":6,"155":5,"156":5,"157":6,"158":6,"159":5,"160":6,"161":6,"162":2,"163":2,"164":2,"165":2,"166":1,"167":2,"168":2,"169":2,"170":1,"171":3,"172":3,"173":1,"174":2},"f":{"0":1,"1":2,"2":2,"3":1,"4":3,"5":3,"6":2,"7":0,"8":0,"9":11,"10":6,"11":2},"b":{"0":[2,0],"1":[1,1],"2":[1,0],"3":[2,1],"4":[2,1],"5":[2,1],"6":[2,0],"7":[1,1],"8":[2,1],"9":[1,1],"10":[1,1],"11":[1,1],"12":[1,1],"13":[1,1],"14":[1,1],"15":[1,1],"16":[1,1],"17":[1,1],"18":[1,1],"19":[1,1],"20":[1,1],"21":[1,1],"22":[1,1],"23":[1,1],"24":[1,1],"25":[1,1],"26":[1,1],"27":[1,1],"28":[2,1,1],"29":[1,0],"30":[1,0],"31":[1,0],"32":[1,1],"33":[1,0],"34":[1,1],"35":[1,0],"36":[1,0],"37":[1,0],"38":[1,0],"39":[1,0],"40":[1,1],"41":[1,0],"42":[1,0],"43":[1,0],"44":[1,1,1],"45":[1,0],"46":[1,0],"47":[2,1],"48":[2,1],"49":[2,1],"50":[1,0],"51":[1,1],"52":[1,0],"53":[1,1],"54":[1,1],"55":[1,0],"56":[1,1,1],"57":[0,6],"58":[5,1],"59":[6,6],"60":[5,1],"61":[5,1],"62":[3,0]},"meta":{"lastBranch":63,"lastFunction":12,"lastStatement":175,"seen":{"f:37:9:37:38":0,"s:38:40:38:Infinity":0,"s:39:2:46:Infinity":1,"s:40:21:40:Infinity":2,"b:41:4:45:Infinity:undefined:undefined:undefined:undefined":0,"s:41:4:45:Infinity":3,"s:42:18:42:Infinity":4,"s:43:20:43:Infinity":5,"s:44:6:44:Infinity":6,"s:47:2:47:Infinity":7,"f:50:22:50:Infinity":1,"s:54:36:54:Infinity":8,"b:55:2:59:Infinity:57:9:59:Infinity":1,"s:55:2:59:Infinity":9,"s:56:4:56:Infinity":10,"b:57:9:59:Infinity:undefined:undefined:undefined:undefined":2,"s:57:9:59:Infinity":11,"s:58:4:58:Infinity":12,"s:61:23:65:Infinity":13,"b:62:30:62:67:62:67:62:Infinity":3,"b:63:22:63:51:63:51:63:Infinity":4,"b:64:13:64:33:64:33:64:Infinity":5,"b:67:2:69:Infinity:undefined:undefined:undefined:undefined":6,"s:67:2:69:Infinity":14,"s:68:4:68:Infinity":15,"b:71:2:76:Infinity:undefined:undefined:undefined:undefined":7,"s:71:2:76:Infinity":16,"b:71:6:71:41:71:41:71:74":8,"s:72:4:75:Infinity":17,"b:78:2:80:Infinity:undefined:undefined:undefined:undefined":9,"s:78:2:80:Infinity":18,"s:79:4:79:Infinity":19,"b:82:2:84:Infinity:undefined:undefined:undefined:undefined":10,"s:82:2:84:Infinity":20,"s:83:4:83:Infinity":21,"b:86:2:88:Infinity:undefined:undefined:undefined:undefined":11,"s:86:2:88:Infinity":22,"s:87:4:87:Infinity":23,"b:90:2:92:Infinity:undefined:undefined:undefined:undefined":12,"s:90:2:92:Infinity":24,"s:91:4:91:Infinity":25,"b:94:2:96:Infinity:undefined:undefined:undefined:undefined":13,"s:94:2:96:Infinity":26,"s:95:4:95:Infinity":27,"b:98:2:100:Infinity:undefined:undefined:undefined:undefined":14,"s:98:2:100:Infinity":28,"s:99:4:99:Infinity":29,"b:102:2:104:Infinity:undefined:undefined:undefined:undefined":15,"s:102:2:104:Infinity":30,"s:103:4:103:Infinity":31,"b:106:2:108:Infinity:undefined:undefined:undefined:undefined":16,"s:106:2:108:Infinity":32,"s:107:4:107:Infinity":33,"b:110:2:112:Infinity:undefined:undefined:undefined:undefined":17,"s:110:2:112:Infinity":34,"s:111:4:111:Infinity":35,"b:114:2:116:Infinity:undefined:undefined:undefined:undefined":18,"s:114:2:116:Infinity":36,"s:115:4:115:Infinity":37,"b:118:2:120:Infinity:undefined:undefined:undefined:undefined":19,"s:118:2:120:Infinity":38,"s:119:4:119:Infinity":39,"b:122:2:124:Infinity:undefined:undefined:undefined:undefined":20,"s:122:2:124:Infinity":40,"s:123:4:123:Infinity":41,"b:126:2:128:Infinity:undefined:undefined:undefined:undefined":21,"s:126:2:128:Infinity":42,"s:127:4:127:Infinity":43,"b:130:2:132:Infinity:undefined:undefined:undefined:undefined":22,"s:130:2:132:Infinity":44,"s:131:4:131:Infinity":45,"b:134:2:136:Infinity:undefined:undefined:undefined:undefined":23,"s:134:2:136:Infinity":46,"s:135:4:135:Infinity":47,"b:138:2:140:Infinity:undefined:undefined:undefined:undefined":24,"s:138:2:140:Infinity":48,"s:139:4:139:Infinity":49,"b:142:2:144:Infinity:undefined:undefined:undefined:undefined":25,"s:142:2:144:Infinity":50,"s:143:4:143:Infinity":51,"b:146:2:148:Infinity:undefined:undefined:undefined:undefined":26,"s:146:2:148:Infinity":52,"s:147:4:147:Infinity":53,"b:150:2:161:Infinity:undefined:undefined:undefined:undefined":27,"s:150:2:161:Infinity":54,"b:150:6:150:34:150:34:150:68:150:68:150:103":28,"s:151:4:151:Infinity":55,"b:152:4:154:Infinity:undefined:undefined:undefined:undefined":29,"s:152:4:154:Infinity":56,"s:153:6:153:Infinity":57,"b:155:4:157:Infinity:undefined:undefined:undefined:undefined":30,"s:155:4:157:Infinity":58,"s:156:6:156:Infinity":59,"b:158:4:160:Infinity:undefined:undefined:undefined:undefined":31,"s:158:4:160:Infinity":60,"s:159:6:159:Infinity":61,"b:163:2:165:Infinity:undefined:undefined:undefined:undefined":32,"s:163:2:165:Infinity":62,"s:164:4:164:Infinity":63,"s:167:17:167:Infinity":64,"s:168:2:168:Infinity":65,"s:169:13:169:Infinity":66,"s:170:2:170:Infinity":67,"f:173:22:173:41":2,"s:174:18:174:Infinity":68,"s:175:23:175:Infinity":69,"s:176:22:176:Infinity":70,"s:181:36:181:Infinity":71,"s:185:2:189:Infinity":72,"s:186:4:186:Infinity":73,"s:188:4:188:Infinity":74,"s:191:2:210:Infinity":75,"s:192:4:192:Infinity":76,"b:193:4:204:Infinity:undefined:undefined:undefined:undefined":33,"s:193:4:204:Infinity":77,"b:193:8:193:20:193:20:193:37":34,"b:194:6:196:Infinity:undefined:undefined:undefined:undefined":35,"s:194:6:196:Infinity":78,"s:195:8:195:Infinity":79,"b:197:6:199:Infinity:undefined:undefined:undefined:undefined":36,"s:197:6:199:Infinity":80,"s:198:8:198:Infinity":81,"b:200:6:202:Infinity:undefined:undefined:undefined:undefined":37,"s:200:6:202:Infinity":82,"s:201:8:201:Infinity":83,"s:203:6:203:Infinity":84,"b:205:4:207:Infinity:undefined:undefined:undefined:undefined":38,"s:205:4:207:Infinity":85,"s:206:6:206:Infinity":86,"s:209:4:209:Infinity":87,"s:212:2:247:Infinity":88,"s:213:25:213:Infinity":89,"b:214:4:244:Infinity:undefined:undefined:undefined:undefined":39,"s:214:4:244:Infinity":90,"b:214:8:214:24:214:24:214:49":40,"b:215:6:230:Infinity:undefined:undefined:undefined:undefined":41,"s:215:6:230:Infinity":91,"s:216:25:216:Infinity":92,"b:217:8:219:Infinity:undefined:undefined:undefined:undefined":42,"s:217:8:219:Infinity":93,"s:218:10:218:Infinity":94,"s:221:27:221:Infinity":95,"b:222:8:224:Infinity:undefined:undefined:undefined:undefined":43,"s:222:8:224:Infinity":96,"b:222:12:222:46:222:46:222:78:222:78:222:92":44,"s:223:10:223:Infinity":97,"s:226:24:226:Infinity":98,"b:227:8:229:Infinity:undefined:undefined:undefined:undefined":45,"s:227:8:229:Infinity":99,"s:228:10:228:Infinity":100,"b:232:6:243:Infinity:undefined:undefined:undefined:undefined":46,"s:232:6:243:Infinity":101,"s:233:8:242:Infinity":102,"s:246:4:246:Infinity":103,"s:249:2:259:Infinity":104,"f:262:22:262:41":3,"s:263:22:263:Infinity":105,"s:264:2:264:Infinity":106,"f:264:21:264:25":4,"s:264:30:264:36":107,"f:264:38:264:45":5,"s:264:53:264:80":108,"f:267:22:267:Infinity":6,"s:272:15:272:Infinity":109,"s:274:19:274:Infinity":110,"s:275:2:279:Infinity":111,"s:276:4:276:Infinity":112,"s:278:4:278:Infinity":113,"s:281:16:281:Infinity":114,"b:281:16:281:31:281:31:281:Infinity":47,"f:281:59:281:71":7,"s:281:71:281:72":115,"s:282:33:282:Infinity":116,"f:282:69:282:81":8,"s:282:81:282:82":117,"s:283:21:283:Infinity":118,"b:283:21:283:41:283:41:283:Infinity":48,"s:284:25:284:Infinity":119,"b:284:25:284:49:284:49:284:Infinity":49,"s:286:33:286:Infinity":120,"s:287:28:287:Infinity":121,"s:288:23:288:Infinity":122,"s:290:2:303:Infinity":123,"s:291:17:291:Infinity":124,"b:292:4:300:Infinity:undefined:undefined:undefined:undefined":50,"s:292:4:300:Infinity":125,"b:292:8:292:16:292:16:292:33":51,"s:293:19:293:Infinity":126,"s:294:6:294:Infinity":127,"s:295:6:295:Infinity":128,"b:296:6:299:Infinity:undefined:undefined:undefined:undefined":52,"s:296:6:299:Infinity":129,"b:296:10:296:28:296:28:296:54":53,"s:297:8:297:Infinity":130,"s:298:8:298:Infinity":131,"s:302:4:302:Infinity":132,"s:305:37:305:Infinity":133,"s:306:26:306:Infinity":134,"b:308:2:323:Infinity:undefined:undefined:undefined:undefined":54,"s:308:2:323:Infinity":135,"s:309:4:313:Infinity":136,"s:310:6:310:Infinity":137,"s:312:6:312:Infinity":138,"s:315:4:322:Infinity":139,"s:316:27:316:Infinity":140,"b:317:6:319:Infinity:undefined:undefined:undefined:undefined":55,"s:317:6:319:Infinity":141,"b:317:10:317:26:317:26:317:53:317:53:317:83":56,"s:318:8:318:Infinity":142,"s:321:6:321:Infinity":143,"s:325:2:336:Infinity":144,"s:339:16:339:Infinity":145,"s:340:18:340:Infinity":146,"f:342:16:342:37":9,"s:343:2:343:Infinity":147,"s:344:2:344:Infinity":148,"f:347:16:347:29":10,"b:348:2:348:Infinity:undefined:undefined:undefined:undefined":57,"s:348:2:348:Infinity":149,"s:348:16:348:Infinity":150,"s:350:25:350:Infinity":151,"s:351:17:351:Infinity":152,"s:352:17:352:Infinity":153,"b:354:2:357:Infinity:undefined:undefined:undefined:undefined":58,"s:354:2:357:Infinity":154,"b:354:6:354:31:354:31:354:74":59,"s:355:4:355:Infinity":155,"s:356:4:356:Infinity":156,"s:359:24:359:Infinity":157,"b:361:2:363:Infinity:undefined:undefined:undefined:undefined":60,"s:361:2:363:Infinity":158,"s:362:4:362:Infinity":159,"s:365:23:365:Infinity":160,"s:366:2:366:Infinity":161,"b:366:20:366:51:366:51:366:Infinity":61,"f:369:22:369:45":11,"s:370:15:370:Infinity":162,"s:372:23:372:Infinity":163,"s:373:2:377:Infinity":164,"s:374:4:374:Infinity":165,"s:376:4:376:Infinity":166,"s:379:26:379:Infinity":167,"s:380:2:389:Infinity":168,"s:381:4:381:Infinity":169,"s:382:4:386:Infinity":170,"b:383:6:385:Infinity:undefined:undefined:undefined:undefined":62,"s:383:6:385:Infinity":171,"s:384:8:384:Infinity":172,"s:388:4:388:Infinity":173,"s:391:2:395:Infinity":174}}}
,"/Users/ivan/Project/3t.tools.intellij/mongo/mongo-schema-fetch/src/schema.ts": {"path":"/Users/ivan/Project/3t.tools.intellij/mongo/mongo-schema-fetch/src/schema.ts","statementMap":{"0":{"start":{"line":16,"column":15},"end":{"line":16,"column":null}},"1":{"start":{"line":18,"column":14},"end":{"line":18,"column":null}},"2":{"start":{"line":19,"column":2},"end":{"line":28,"column":null}},"3":{"start":{"line":20,"column":4},"end":{"line":20,"column":null}},"4":{"start":{"line":23,"column":4},"end":{"line":27,"column":null}},"5":{"start":{"line":24,"column":6},"end":{"line":24,"column":null}},"6":{"start":{"line":25,"column":11},"end":{"line":27,"column":null}},"7":{"start":{"line":26,"column":6},"end":{"line":26,"column":null}},"8":{"start":{"line":31,"column":16},"end":{"line":31,"column":null}},"9":{"start":{"line":31,"column":64},"end":{"line":31,"column":65}},"10":{"start":{"line":34,"column":2},"end":{"line":40,"column":null}},"11":{"start":{"line":36,"column":4},"end":{"line":36,"column":null}},"12":{"start":{"line":39,"column":4},"end":{"line":39,"column":null}},"13":{"start":{"line":43,"column":25},"end":{"line":43,"column":null}},"14":{"start":{"line":45,"column":2},"end":{"line":56,"column":null}},"15":{"start":{"line":46,"column":20},"end":{"line":46,"column":null}},"16":{"start":{"line":47,"column":19},"end":{"line":52,"column":null}},"17":{"start":{"line":53,"column":4},"end":{"line":53,"column":null}},"18":{"start":{"line":55,"column":4},"end":{"line":55,"column":null}},"19":{"start":{"line":61,"column":34},"end":{"line":61,"column":null}},"20":{"start":{"line":62,"column":2},"end":{"line":64,"column":null}},"21":{"start":{"line":63,"column":4},"end":{"line":63,"column":null}},"22":{"start":{"line":67,"column":21},"end":{"line":67,"column":null}},"23":{"start":{"line":68,"column":19},"end":{"line":68,"column":null}},"24":{"start":{"line":69,"column":26},"end":{"line":69,"column":null}},"25":{"start":{"line":70,"column":25},"end":{"line":70,"column":null}},"26":{"start":{"line":71,"column":22},"end":{"line":71,"column":null}},"27":{"start":{"line":73,"column":2},"end":{"line":84,"column":null}},"28":{"start":{"line":74,"column":4},"end":{"line":83,"column":null}},"29":{"start":{"line":75,"column":23},"end":{"line":75,"column":null}},"30":{"start":{"line":76,"column":6},"end":{"line":82,"column":null}},"31":{"start":{"line":81,"column":8},"end":{"line":81,"column":null}},"32":{"start":{"line":86,"column":2},"end":{"line":86,"column":null}},"33":{"start":{"line":90,"column":2},"end":{"line":90,"column":null}},"34":{"start":{"line":90,"column":15},"end":{"line":90,"column":null}},"35":{"start":{"line":93,"column":18},"end":{"line":93,"column":null}},"36":{"start":{"line":97,"column":4},"end":{"line":145,"column":null}},"37":{"start":{"line":98,"column":6},"end":{"line":98,"column":null}},"38":{"start":{"line":98,"column":26},"end":{"line":98,"column":52}},"39":{"start":{"line":99,"column":11},"end":{"line":145,"column":null}},"40":{"start":{"line":102,"column":26},"end":{"line":102,"column":null}},"41":{"start":{"line":104,"column":6},"end":{"line":126,"column":null}},"42":{"start":{"line":106,"column":10},"end":{"line":123,"column":null}},"43":{"start":{"line":107,"column":35},"end":{"line":107,"column":null}},"44":{"start":{"line":108,"column":33},"end":{"line":108,"column":null}},"45":{"start":{"line":111,"column":14},"end":{"line":122,"column":null}},"46":{"start":{"line":112,"column":18},"end":{"line":121,"column":null}},"47":{"start":{"line":114,"column":45},"end":{"line":117,"column":null}},"48":{"start":{"line":115,"column":26},"end":{"line":115,"column":null}},"49":{"start":{"line":115,"column":53},"end":{"line":115,"column":null}},"50":{"start":{"line":116,"column":26},"end":{"line":116,"column":null}},"51":{"start":{"line":118,"column":22},"end":{"line":120,"column":null}},"52":{"start":{"line":119,"column":26},"end":{"line":119,"column":null}},"53":{"start":{"line":125,"column":10},"end":{"line":125,"column":null}},"54":{"start":{"line":129,"column":24},"end":{"line":129,"column":null}},"55":{"start":{"line":131,"column":6},"end":{"line":133,"column":null}},"56":{"start":{"line":132,"column":10},"end":{"line":132,"column":null}},"57":{"start":{"line":132,"column":40},"end":{"line":132,"column":62}},"58":{"start":{"line":135,"column":6},"end":{"line":138,"column":null}},"59":{"start":{"line":137,"column":8},"end":{"line":137,"column":null}},"60":{"start":{"line":137,"column":39},"end":{"line":137,"column":50}},"61":{"start":{"line":140,"column":6},"end":{"line":144,"column":null}},"62":{"start":{"line":141,"column":8},"end":{"line":143,"column":null}},"63":{"start":{"line":142,"column":12},"end":{"line":142,"column":null}},"64":{"start":{"line":148,"column":2},"end":{"line":148,"column":null}},"65":{"start":{"line":149,"column":2},"end":{"line":149,"column":null}}},"fnMap":{"0":{"name":"inferSchema","decl":{"start":{"line":6,"column":22},"end":{"line":6,"column":null}},"loc":{"start":{"line":15,"column":16},"end":{"line":57,"column":null}},"line":15},"1":{"name":"(anonymous_1)","decl":{"start":{"line":31,"column":52},"end":{"line":31,"column":64}},"loc":{"start":{"line":31,"column":64},"end":{"line":31,"column":65}},"line":31},"2":{"name":"isSensitiveFieldOrValue","decl":{"start":{"line":59,"column":16},"end":{"line":59,"column":40}},"loc":{"start":{"line":59,"column":83},"end":{"line":87,"column":null}},"line":59},"3":{"name":"cleanSchema","decl":{"start":{"line":89,"column":16},"end":{"line":89,"column":28}},"loc":{"start":{"line":89,"column":69},"end":{"line":150,"column":null}},"line":89},"4":{"name":"traverse","decl":{"start":{"line":96,"column":11},"end":{"line":96,"column":20}},"loc":{"start":{"line":96,"column":51},"end":{"line":146,"column":null}},"line":96},"5":{"name":"(anonymous_5)","decl":{"start":{"line":98,"column":10},"end":{"line":98,"column":18}},"loc":{"start":{"line":98,"column":26},"end":{"line":98,"column":52}},"line":98},"6":{"name":"(anonymous_6)","decl":{"start":{"line":114,"column":58},"end":{"line":114,"column":66}},"loc":{"start":{"line":114,"column":77},"end":{"line":117,"column":23}},"line":114},"7":{"name":"(anonymous_7)","decl":{"start":{"line":132,"column":20},"end":{"line":132,"column":29}},"loc":{"start":{"line":132,"column":40},"end":{"line":132,"column":62}},"line":132},"8":{"name":"(anonymous_8)","decl":{"start":{"line":137,"column":19},"end":{"line":137,"column":28}},"loc":{"start":{"line":137,"column":39},"end":{"line":137,"column":50}},"line":137}},"branchMap":{"0":{"loc":{"start":{"line":11,"column":2},"end":{"line":11,"column":null}},"type":"default-arg","locations":[{"start":{"line":11,"column":18},"end":{"line":11,"column":null}}],"line":11},"1":{"loc":{"start":{"line":12,"column":2},"end":{"line":12,"column":null}},"type":"default-arg","locations":[{"start":{"line":12,"column":16},"end":{"line":12,"column":null}}],"line":12},"2":{"loc":{"start":{"line":19,"column":2},"end":{"line":28,"column":null}},"type":"if","locations":[{"start":{"line":19,"column":2},"end":{"line":28,"column":null}},{"start":{"line":21,"column":9},"end":{"line":28,"column":null}}],"line":19},"3":{"loc":{"start":{"line":19,"column":6},"end":{"line":19,"column":50}},"type":"binary-expr","locations":[{"start":{"line":19,"column":6},"end":{"line":19,"column":27}},{"start":{"line":19,"column":27},"end":{"line":19,"column":50}}],"line":19},"4":{"loc":{"start":{"line":23,"column":4},"end":{"line":27,"column":null}},"type":"if","locations":[{"start":{"line":23,"column":4},"end":{"line":27,"column":null}},{"start":{"line":25,"column":11},"end":{"line":27,"column":null}}],"line":23},"5":{"loc":{"start":{"line":25,"column":11},"end":{"line":27,"column":null}},"type":"if","locations":[{"start":{"line":25,"column":11},"end":{"line":27,"column":null}},{"start":{},"end":{}}],"line":25},"6":{"loc":{"start":{"line":34,"column":2},"end":{"line":40,"column":null}},"type":"if","locations":[{"start":{"line":34,"column":2},"end":{"line":40,"column":null}},{"start":{"line":37,"column":9},"end":{"line":40,"column":null}}],"line":34},"7":{"loc":{"start":{"line":46,"column":20},"end":{"line":46,"column":null}},"type":"binary-expr","locations":[{"start":{"line":46,"column":20},"end":{"line":46,"column":53}},{"start":{"line":46,"column":53},"end":{"line":46,"column":null}}],"line":46},"8":{"loc":{"start":{"line":62,"column":2},"end":{"line":64,"column":null}},"type":"if","locations":[{"start":{"line":62,"column":2},"end":{"line":64,"column":null}},{"start":{},"end":{}}],"line":62},"9":{"loc":{"start":{"line":62,"column":6},"end":{"line":62,"column":60}},"type":"binary-expr","locations":[{"start":{"line":62,"column":6},"end":{"line":62,"column":19}},{"start":{"line":62,"column":19},"end":{"line":62,"column":60}}],"line":62},"10":{"loc":{"start":{"line":74,"column":4},"end":{"line":83,"column":null}},"type":"if","locations":[{"start":{"line":74,"column":4},"end":{"line":83,"column":null}},{"start":{},"end":{}}],"line":74},"11":{"loc":{"start":{"line":76,"column":6},"end":{"line":82,"column":null}},"type":"if","locations":[{"start":{"line":76,"column":6},"end":{"line":82,"column":null}},{"start":{},"end":{}}],"line":76},"12":{"loc":{"start":{"line":76,"column":10},"end":{"line":80,"column":38}},"type":"binary-expr","locations":[{"start":{"line":76,"column":10},"end":{"line":76,"column":null}},{"start":{"line":77,"column":10},"end":{"line":77,"column":null}},{"start":{"line":78,"column":10},"end":{"line":78,"column":null}},{"start":{"line":79,"column":10},"end":{"line":79,"column":null}},{"start":{"line":80,"column":10},"end":{"line":80,"column":38}}],"line":76},"13":{"loc":{"start":{"line":90,"column":2},"end":{"line":90,"column":null}},"type":"if","locations":[{"start":{"line":90,"column":2},"end":{"line":90,"column":null}},{"start":{},"end":{}}],"line":90},"14":{"loc":{"start":{"line":97,"column":4},"end":{"line":145,"column":null}},"type":"if","locations":[{"start":{"line":97,"column":4},"end":{"line":145,"column":null}},{"start":{"line":99,"column":11},"end":{"line":145,"column":null}}],"line":97},"15":{"loc":{"start":{"line":99,"column":11},"end":{"line":145,"column":null}},"type":"if","locations":[{"start":{"line":99,"column":11},"end":{"line":145,"column":null}},{"start":{},"end":{}}],"line":99},"16":{"loc":{"start":{"line":99,"column":15},"end":{"line":99,"column":56}},"type":"binary-expr","locations":[{"start":{"line":99,"column":15},"end":{"line":99,"column":31}},{"start":{"line":99,"column":31},"end":{"line":99,"column":56}}],"line":99},"17":{"loc":{"start":{"line":102,"column":26},"end":{"line":102,"column":null}},"type":"binary-expr","locations":[{"start":{"line":102,"column":26},"end":{"line":102,"column":38}},{"start":{"line":102,"column":38},"end":{"line":102,"column":50}},{"start":{"line":102,"column":50},"end":{"line":102,"column":null}}],"line":102},"18":{"loc":{"start":{"line":104,"column":6},"end":{"line":126,"column":null}},"type":"if","locations":[{"start":{"line":104,"column":6},"end":{"line":126,"column":null}},{"start":{},"end":{}}],"line":104},"19":{"loc":{"start":{"line":104,"column":10},"end":{"line":104,"column":51}},"type":"binary-expr","locations":[{"start":{"line":104,"column":10},"end":{"line":104,"column":24}},{"start":{"line":104,"column":24},"end":{"line":104,"column":51}}],"line":104},"20":{"loc":{"start":{"line":106,"column":10},"end":{"line":123,"column":null}},"type":"if","locations":[{"start":{"line":106,"column":10},"end":{"line":123,"column":null}},{"start":{},"end":{}}],"line":106},"21":{"loc":{"start":{"line":106,"column":14},"end":{"line":106,"column":68}},"type":"binary-expr","locations":[{"start":{"line":106,"column":14},"end":{"line":106,"column":42}},{"start":{"line":106,"column":42},"end":{"line":106,"column":68}}],"line":106},"22":{"loc":{"start":{"line":108,"column":33},"end":{"line":108,"column":null}},"type":"cond-expr","locations":[{"start":{"line":108,"column":68},"end":{"line":108,"column":100}},{"start":{"line":108,"column":100},"end":{"line":108,"column":null}}],"line":108},"23":{"loc":{"start":{"line":108,"column":33},"end":{"line":108,"column":68}},"type":"binary-expr","locations":[{"start":{"line":108,"column":33},"end":{"line":108,"column":45}},{"start":{"line":108,"column":45},"end":{"line":108,"column":68}}],"line":108},"24":{"loc":{"start":{"line":111,"column":14},"end":{"line":122,"column":null}},"type":"if","locations":[{"start":{"line":111,"column":14},"end":{"line":122,"column":null}},{"start":{},"end":{}}],"line":111},"25":{"loc":{"start":{"line":112,"column":18},"end":{"line":121,"column":null}},"type":"if","locations":[{"start":{"line":112,"column":18},"end":{"line":121,"column":null}},{"start":{},"end":{}}],"line":112},"26":{"loc":{"start":{"line":112,"column":22},"end":{"line":112,"column":86}},"type":"binary-expr","locations":[{"start":{"line":112,"column":22},"end":{"line":112,"column":49}},{"start":{"line":112,"column":49},"end":{"line":112,"column":86}}],"line":112},"27":{"loc":{"start":{"line":115,"column":26},"end":{"line":115,"column":null}},"type":"if","locations":[{"start":{"line":115,"column":26},"end":{"line":115,"column":null}},{"start":{},"end":{}}],"line":115},"28":{"loc":{"start":{"line":118,"column":22},"end":{"line":120,"column":null}},"type":"if","locations":[{"start":{"line":118,"column":22},"end":{"line":120,"column":null}},{"start":{},"end":{}}],"line":118},"29":{"loc":{"start":{"line":129,"column":24},"end":{"line":129,"column":null}},"type":"binary-expr","locations":[{"start":{"line":129,"column":24},"end":{"line":129,"column":36}},{"start":{"line":129,"column":36},"end":{"line":129,"column":null}}],"line":129},"30":{"loc":{"start":{"line":131,"column":6},"end":{"line":133,"column":null}},"type":"if","locations":[{"start":{"line":131,"column":6},"end":{"line":133,"column":null}},{"start":{},"end":{}}],"line":131},"31":{"loc":{"start":{"line":131,"column":10},"end":{"line":131,"column":49}},"type":"binary-expr","locations":[{"start":{"line":131,"column":10},"end":{"line":131,"column":23}},{"start":{"line":131,"column":23},"end":{"line":131,"column":49}}],"line":131},"32":{"loc":{"start":{"line":135,"column":6},"end":{"line":138,"column":null}},"type":"if","locations":[{"start":{"line":135,"column":6},"end":{"line":138,"column":null}},{"start":{},"end":{}}],"line":135},"33":{"loc":{"start":{"line":135,"column":10},"end":{"line":135,"column":51}},"type":"binary-expr","locations":[{"start":{"line":135,"column":10},"end":{"line":135,"column":24}},{"start":{"line":135,"column":24},"end":{"line":135,"column":51}}],"line":135},"34":{"loc":{"start":{"line":141,"column":8},"end":{"line":143,"column":null}},"type":"if","locations":[{"start":{"line":141,"column":8},"end":{"line":143,"column":null}},{"start":{},"end":{}}],"line":141},"35":{"loc":{"start":{"line":141,"column":12},"end":{"line":141,"column":49}},"type":"binary-expr","locations":[{"start":{"line":141,"column":12},"end":{"line":141,"column":32}},{"start":{"line":141,"column":32},"end":{"line":141,"column":49}}],"line":141}},"s":{"0":9,"1":9,"2":9,"3":1,"4":8,"5":1,"6":7,"7":1,"8":9,"9":1,"10":9,"11":5,"12":4,"13":9,"14":9,"15":9,"16":9,"17":9,"18":0,"19":21,"20":21,"21":9,"22":12,"23":12,"24":12,"25":12,"26":12,"27":12,"28":22,"29":19,"30":19,"31":6,"32":6,"33":16,"34":0,"35":16,"36":86,"37":6,"38":7,"39":80,"40":32,"41":32,"42":8,"43":6,"44":6,"45":6,"46":4,"47":3,"48":6,"49":6,"50":0,"51":3,"52":2,"53":8,"54":32,"55":32,"56":8,"57":8,"58":32,"59":7,"60":8,"61":32,"62":62,"63":47,"64":16,"65":16},"f":{"0":9,"1":1,"2":21,"3":16,"4":86,"5":7,"6":6,"7":8,"8":8},"b":{"0":[9],"1":[9],"2":[1,8],"3":[9,1],"4":[1,7],"5":[1,6],"6":[5,4],"7":[9,9],"8":[9,12],"9":[21,17],"10":[19,3],"11":[6,13],"12":[19,18,16,15,14],"13":[0,16],"14":[6,80],"15":[32,48],"16":[80,80],"17":[32,24,16],"18":[8,24],"19":[32,8],"20":[6,2],"21":[8,2],"22":[2,4],"23":[6,2],"24":[4,2],"25":[3,1],"26":[4,4],"27":[6,0],"28":[2,1],"29":[32,24],"30":[8,24],"31":[32,8],"32":[7,25],"33":[32,7],"34":[47,15],"35":[62,55]},"meta":{"lastBranch":36,"lastFunction":9,"lastStatement":66,"seen":{"f:6:22:6:Infinity":0,"b:11:18:11:Infinity":0,"b:12:16:12:Infinity":1,"s:16:15:16:Infinity":0,"s:18:14:18:Infinity":1,"b:19:2:28:Infinity:21:9:28:Infinity":2,"s:19:2:28:Infinity":2,"b:19:6:19:27:19:27:19:50":3,"s:20:4:20:Infinity":3,"b:23:4:27:Infinity:25:11:27:Infinity":4,"s:23:4:27:Infinity":4,"s:24:6:24:Infinity":5,"b:25:11:27:Infinity:undefined:undefined:undefined:undefined":5,"s:25:11:27:Infinity":6,"s:26:6:26:Infinity":7,"s:31:16:31:Infinity":8,"f:31:52:31:64":1,"s:31:64:31:65":9,"b:34:2:40:Infinity:37:9:40:Infinity":6,"s:34:2:40:Infinity":10,"s:36:4:36:Infinity":11,"s:39:4:39:Infinity":12,"s:43:25:43:Infinity":13,"s:45:2:56:Infinity":14,"s:46:20:46:Infinity":15,"b:46:20:46:53:46:53:46:Infinity":7,"s:47:19:52:Infinity":16,"s:53:4:53:Infinity":17,"s:55:4:55:Infinity":18,"f:59:16:59:40":2,"s:61:34:61:Infinity":19,"b:62:2:64:Infinity:undefined:undefined:undefined:undefined":8,"s:62:2:64:Infinity":20,"b:62:6:62:19:62:19:62:60":9,"s:63:4:63:Infinity":21,"s:67:21:67:Infinity":22,"s:68:19:68:Infinity":23,"s:69:26:69:Infinity":24,"s:70:25:70:Infinity":25,"s:71:22:71:Infinity":26,"s:73:2:84:Infinity":27,"b:74:4:83:Infinity:undefined:undefined:undefined:undefined":10,"s:74:4:83:Infinity":28,"s:75:23:75:Infinity":29,"b:76:6:82:Infinity:undefined:undefined:undefined:undefined":11,"s:76:6:82:Infinity":30,"b:76:10:76:Infinity:77:10:77:Infinity:78:10:78:Infinity:79:10:79:Infinity:80:10:80:38":12,"s:81:8:81:Infinity":31,"s:86:2:86:Infinity":32,"f:89:16:89:28":3,"b:90:2:90:Infinity:undefined:undefined:undefined:undefined":13,"s:90:2:90:Infinity":33,"s:90:15:90:Infinity":34,"s:93:18:93:Infinity":35,"f:96:11:96:20":4,"b:97:4:145:Infinity:99:11:145:Infinity":14,"s:97:4:145:Infinity":36,"s:98:6:98:Infinity":37,"f:98:10:98:18":5,"s:98:26:98:52":38,"b:99:11:145:Infinity:undefined:undefined:undefined:undefined":15,"s:99:11:145:Infinity":39,"b:99:15:99:31:99:31:99:56":16,"s:102:26:102:Infinity":40,"b:102:26:102:38:102:38:102:50:102:50:102:Infinity":17,"b:104:6:126:Infinity:undefined:undefined:undefined:undefined":18,"s:104:6:126:Infinity":41,"b:104:10:104:24:104:24:104:51":19,"b:106:10:123:Infinity:undefined:undefined:undefined:undefined":20,"s:106:10:123:Infinity":42,"b:106:14:106:42:106:42:106:68":21,"s:107:35:107:Infinity":43,"s:108:33:108:Infinity":44,"b:108:68:108:100:108:100:108:Infinity":22,"b:108:33:108:45:108:45:108:68":23,"b:111:14:122:Infinity:undefined:undefined:undefined:undefined":24,"s:111:14:122:Infinity":45,"b:112:18:121:Infinity:undefined:undefined:undefined:undefined":25,"s:112:18:121:Infinity":46,"b:112:22:112:49:112:49:112:86":26,"s:114:45:117:Infinity":47,"f:114:58:114:66":6,"b:115:26:115:Infinity:undefined:undefined:undefined:undefined":27,"s:115:26:115:Infinity":48,"s:115:53:115:Infinity":49,"s:116:26:116:Infinity":50,"b:118:22:120:Infinity:undefined:undefined:undefined:undefined":28,"s:118:22:120:Infinity":51,"s:119:26:119:Infinity":52,"s:125:10:125:Infinity":53,"s:129:24:129:Infinity":54,"b:129:24:129:36:129:36:129:Infinity":29,"b:131:6:133:Infinity:undefined:undefined:undefined:undefined":30,"s:131:6:133:Infinity":55,"b:131:10:131:23:131:23:131:49":31,"s:132:10:132:Infinity":56,"f:132:20:132:29":7,"s:132:40:132:62":57,"b:135:6:138:Infinity:undefined:undefined:undefined:undefined":32,"s:135:6:138:Infinity":58,"b:135:10:135:24:135:24:135:51":33,"s:137:8:137:Infinity":59,"f:137:19:137:28":8,"s:137:39:137:50":60,"s:140:6:144:Infinity":61,"b:141:8:143:Infinity:undefined:undefined:undefined:undefined":34,"s:141:8:143:Infinity":62,"b:141:12:141:32:141:32:141:49":35,"s:142:12:142:Infinity":63,"s:148:2:148:Infinity":64,"s:149:2:149:Infinity":65}}}
,"/Users/ivan/Project/3t.tools.intellij/mongo/mongo-schema-fetch/src/upload.ts": {"path":"/Users/ivan/Project/3t.tools.intellij/mongo/mongo-schema-fetch/src/upload.ts","statementMap":{"0":{"start":{"line":6,"column":2},"end":{"line":6,"column":null}},"1":{"start":{"line":8,"column":2},"end":{"line":11,"column":null}},"2":{"start":{"line":9,"column":4},"end":{"line":9,"column":null}},"3":{"start":{"line":10,"column":4},"end":{"line":10,"column":null}},"4":{"start":{"line":13,"column":23},"end":{"line":13,"column":null}},"5":{"start":{"line":15,"column":2},"end":{"line":15,"column":null}},"6":{"start":{"line":18,"column":2},"end":{"line":18,"column":null}},"7":{"start":{"line":18,"column":31},"end":{"line":18,"column":55}},"8":{"start":{"line":21,"column":2},"end":{"line":24,"column":null}},"9":{"start":{"line":22,"column":4},"end":{"line":22,"column":null}},"10":{"start":{"line":23,"column":4},"end":{"line":23,"column":null}},"11":{"start":{"line":26,"column":2},"end":{"line":26,"column":null}},"12":{"start":{"line":27,"column":2},"end":{"line":27,"column":null}},"13":{"start":{"line":31,"column":2},"end":{"line":31,"column":null}},"14":{"start":{"line":33,"column":19},"end":{"line":38,"column":null}},"15":{"start":{"line":40,"column":2},"end":{"line":54,"column":null}},"16":{"start":{"line":41,"column":4},"end":{"line":41,"column":null}},"17":{"start":{"line":44,"column":4},"end":{"line":44,"column":null}},"18":{"start":{"line":44,"column":33},"end":{"line":44,"column":57}},"19":{"start":{"line":46,"column":20},"end":{"line":46,"column":null}},"20":{"start":{"line":47,"column":4},"end":{"line":47,"column":null}},"21":{"start":{"line":50,"column":10},"end":{"line":50,"column":null}},"22":{"start":{"line":51,"column":4},"end":{"line":51,"column":null}},"23":{"start":{"line":53,"column":4},"end":{"line":53,"column":null}}},"fnMap":{"0":{"name":"autoAnalyze","decl":{"start":{"line":5,"column":22},"end":{"line":5,"column":34}},"loc":{"start":{"line":5,"column":96},"end":{"line":28,"column":null}},"line":5},"1":{"name":"(anonymous_1)","decl":{"start":{"line":18,"column":12},"end":{"line":18,"column":20}},"loc":{"start":{"line":18,"column":31},"end":{"line":18,"column":55}},"line":18},"2":{"name":"promptAndUploadMagicLink","decl":{"start":{"line":30,"column":22},"end":{"line":30,"column":47}},"loc":{"start":{"line":30,"column":106},"end":{"line":55,"column":null}},"line":30},"3":{"name":"(anonymous_3)","decl":{"start":{"line":44,"column":14},"end":{"line":44,"column":22}},"loc":{"start":{"line":44,"column":33},"end":{"line":44,"column":57}},"line":44}},"branchMap":{"0":{"loc":{"start":{"line":8,"column":2},"end":{"line":11,"column":null}},"type":"if","locations":[{"start":{"line":8,"column":2},"end":{"line":11,"column":null}},{"start":{},"end":{}}],"line":8},"1":{"loc":{"start":{"line":21,"column":2},"end":{"line":24,"column":null}},"type":"if","locations":[{"start":{"line":21,"column":2},"end":{"line":24,"column":null}},{"start":{},"end":{}}],"line":21},"2":{"loc":{"start":{"line":40,"column":2},"end":{"line":54,"column":null}},"type":"if","locations":[{"start":{"line":40,"column":2},"end":{"line":54,"column":null}},{"start":{"line":52,"column":9},"end":{"line":54,"column":null}}],"line":40}},"s":{"0":3,"1":3,"2":1,"3":1,"4":2,"5":2,"6":2,"7":2,"8":2,"9":1,"10":1,"11":1,"12":1,"13":2,"14":2,"15":2,"16":1,"17":1,"18":1,"19":1,"20":1,"21":1,"22":1,"23":1},"f":{"0":3,"1":2,"2":2,"3":1},"b":{"0":[1,2],"1":[1,1],"2":[1,1]},"meta":{"lastBranch":3,"lastFunction":4,"lastStatement":24,"seen":{"f:5:22:5:34":0,"s:6:2:6:Infinity":0,"b:8:2:11:Infinity:undefined:undefined:undefined:undefined":0,"s:8:2:11:Infinity":1,"s:9:4:9:Infinity":2,"s:10:4:10:Infinity":3,"s:13:23:13:Infinity":4,"s:15:2:15:Infinity":5,"s:18:2:18:Infinity":6,"f:18:12:18:20":1,"s:18:31:18:55":7,"b:21:2:24:Infinity:undefined:undefined:undefined:undefined":1,"s:21:2:24:Infinity":8,"s:22:4:22:Infinity":9,"s:23:4:23:Infinity":10,"s:26:2:26:Infinity":11,"s:27:2:27:Infinity":12,"f:30:22:30:47":2,"s:31:2:31:Infinity":13,"s:33:19:38:Infinity":14,"b:40:2:54:Infinity:52:9:54:Infinity":2,"s:40:2:54:Infinity":15,"s:41:4:41:Infinity":16,"s:44:4:44:Infinity":17,"f:44:14:44:22":3,"s:44:33:44:57":18,"s:46:20:46:Infinity":19,"s:47:4:47:Infinity":20,"s:50:10:50:Infinity":21,"s:51:4:51:Infinity":22,"s:53:4:53:Infinity":23}}}
,"/Users/ivan/Project/3t.tools.intellij/mongo/mongo-schema-fetch/src/validation.ts": {"path":"/Users/ivan/Project/3t.tools.intellij/mongo/mongo-schema-fetch/src/validation.ts","statementMap":{"0":{"start":{"line":4,"column":13},"end":{"line":4,"column":null}},"1":{"start":{"line":5,"column":12},"end":{"line":5,"column":null}},"2":{"start":{"line":7,"column":28},"end":{"line":63,"column":null}},"3":{"start":{"line":65,"column":17},"end":{"line":65,"column":null}},"4":{"start":{"line":68,"column":16},"end":{"line":68,"column":null}},"5":{"start":{"line":69,"column":2},"end":{"line":71,"column":null}},"6":{"start":{"line":70,"column":4},"end":{"line":70,"column":null}},"7":{"start":{"line":72,"column":2},"end":{"line":72,"column":null}}},"fnMap":{"0":{"name":"validatePayload","decl":{"start":{"line":67,"column":16},"end":{"line":67,"column":32}},"loc":{"start":{"line":67,"column":55},"end":{"line":73,"column":null}},"line":67}},"branchMap":{"0":{"loc":{"start":{"line":4,"column":13},"end":{"line":4,"column":null}},"type":"binary-expr","locations":[{"start":{"line":4,"column":13},"end":{"line":4,"column":37}},{"start":{"line":4,"column":37},"end":{"line":4,"column":null}}],"line":4},"1":{"loc":{"start":{"line":69,"column":2},"end":{"line":71,"column":null}},"type":"if","locations":[{"start":{"line":69,"column":2},"end":{"line":71,"column":null}},{"start":{},"end":{}}],"line":69}},"s":{"0":1,"1":1,"2":1,"3":1,"4":6,"5":6,"6":4,"7":6},"f":{"0":6},"b":{"0":[1,0],"1":[4,2]},"meta":{"lastBranch":2,"lastFunction":1,"lastStatement":8,"seen":{"s:4:13:4:Infinity":0,"b:4:13:4:37:4:37:4:Infinity":0,"s:5:12:5:Infinity":1,"s:7:28:63:Infinity":2,"s:65:17:65:Infinity":3,"f:67:16:67:32":0,"s:68:16:68:Infinity":4,"b:69:2:71:Infinity:undefined:undefined:undefined:undefined":1,"s:69:2:71:Infinity":5,"s:70:4:70:Infinity":6,"s:72:2:72:Infinity":7}}}
}
