{"/Users/ivan/Project/3t.tools.intellij/mongo/mongo-schema-fetch/src/db.ts": {"path":"/Users/ivan/Project/3t.tools.intellij/mongo/mongo-schema-fetch/src/db.ts","statementMap":{"0":{"start":{"line":7,"column":23},"end":{"line":10,"column":null}},"1":{"start":{"line":11,"column":2},"end":{"line":13,"column":null}},"2":{"start":{"line":12,"column":4},"end":{"line":12,"column":null}},"3":{"start":{"line":14,"column":17},"end":{"line":14,"column":null}},"4":{"start":{"line":15,"column":2},"end":{"line":15,"column":null}},"5":{"start":{"line":16,"column":13},"end":{"line":16,"column":null}},"6":{"start":{"line":17,"column":2},"end":{"line":17,"column":null}},"7":{"start":{"line":21,"column":18},"end":{"line":21,"column":null}},"8":{"start":{"line":22,"column":23},"end":{"line":22,"column":null}},"9":{"start":{"line":23,"column":22},"end":{"line":23,"column":null}},"10":{"start":{"line":29,"column":2},"end":{"line":33,"column":null}},"11":{"start":{"line":30,"column":4},"end":{"line":30,"column":null}},"12":{"start":{"line":32,"column":4},"end":{"line":32,"column":null}},"13":{"start":{"line":35,"column":2},"end":{"line":54,"column":null}},"14":{"start":{"line":36,"column":4},"end":{"line":36,"column":null}},"15":{"start":{"line":37,"column":4},"end":{"line":48,"column":null}},"16":{"start":{"line":38,"column":6},"end":{"line":40,"column":null}},"17":{"start":{"line":39,"column":8},"end":{"line":39,"column":null}},"18":{"start":{"line":41,"column":6},"end":{"line":43,"column":null}},"19":{"start":{"line":42,"column":8},"end":{"line":42,"column":null}},"20":{"start":{"line":44,"column":6},"end":{"line":46,"column":null}},"21":{"start":{"line":45,"column":8},"end":{"line":45,"column":null}},"22":{"start":{"line":47,"column":6},"end":{"line":47,"column":null}},"23":{"start":{"line":49,"column":4},"end":{"line":51,"column":null}},"24":{"start":{"line":50,"column":6},"end":{"line":50,"column":null}},"25":{"start":{"line":53,"column":4},"end":{"line":53,"column":null}},"26":{"start":{"line":56,"column":2},"end":{"line":66,"column":null}},"27":{"start":{"line":57,"column":25},"end":{"line":57,"column":null}},"28":{"start":{"line":58,"column":4},"end":{"line":63,"column":null}},"29":{"start":{"line":59,"column":23},"end":{"line":59,"column":null}},"30":{"start":{"line":60,"column":6},"end":{"line":62,"column":null}},"31":{"start":{"line":61,"column":8},"end":{"line":61,"column":null}},"32":{"start":{"line":65,"column":4},"end":{"line":65,"column":null}},"33":{"start":{"line":68,"column":2},"end":{"line":75,"column":null}},"34":{"start":{"line":79,"column":22},"end":{"line":79,"column":null}},"35":{"start":{"line":80,"column":2},"end":{"line":80,"column":null}},"36":{"start":{"line":80,"column":30},"end":{"line":80,"column":36}},"37":{"start":{"line":80,"column":53},"end":{"line":80,"column":80}},"38":{"start":{"line":84,"column":15},"end":{"line":84,"column":null}},"39":{"start":{"line":86,"column":19},"end":{"line":86,"column":null}},"40":{"start":{"line":87,"column":2},"end":{"line":91,"column":null}},"41":{"start":{"line":88,"column":4},"end":{"line":88,"column":null}},"42":{"start":{"line":90,"column":4},"end":{"line":90,"column":null}},"43":{"start":{"line":93,"column":16},"end":{"line":93,"column":null}},"44":{"start":{"line":93,"column":71},"end":{"line":93,"column":72}},"45":{"start":{"line":94,"column":33},"end":{"line":94,"column":null}},"46":{"start":{"line":94,"column":81},"end":{"line":94,"column":82}},"47":{"start":{"line":95,"column":21},"end":{"line":95,"column":null}},"48":{"start":{"line":96,"column":25},"end":{"line":96,"column":null}},"49":{"start":{"line":98,"column":2},"end":{"line":104,"column":null}},"50":{"start":{"line":107,"column":16},"end":{"line":107,"column":null}},"51":{"start":{"line":108,"column":18},"end":{"line":108,"column":null}},"52":{"start":{"line":111,"column":2},"end":{"line":111,"column":null}},"53":{"start":{"line":112,"column":2},"end":{"line":112,"column":null}},"54":{"start":{"line":116,"column":2},"end":{"line":116,"column":null}},"55":{"start":{"line":116,"column":16},"end":{"line":116,"column":null}},"56":{"start":{"line":118,"column":25},"end":{"line":118,"column":null}},"57":{"start":{"line":119,"column":17},"end":{"line":119,"column":null}},"58":{"start":{"line":120,"column":17},"end":{"line":120,"column":null}},"59":{"start":{"line":122,"column":2},"end":{"line":125,"column":null}},"60":{"start":{"line":123,"column":4},"end":{"line":123,"column":null}},"61":{"start":{"line":124,"column":4},"end":{"line":124,"column":null}},"62":{"start":{"line":127,"column":24},"end":{"line":127,"column":null}},"63":{"start":{"line":129,"column":2},"end":{"line":131,"column":null}},"64":{"start":{"line":130,"column":4},"end":{"line":130,"column":null}},"65":{"start":{"line":133,"column":23},"end":{"line":133,"column":null}},"66":{"start":{"line":134,"column":2},"end":{"line":134,"column":null}},"67":{"start":{"line":138,"column":15},"end":{"line":138,"column":null}},"68":{"start":{"line":140,"column":23},"end":{"line":140,"column":null}},"69":{"start":{"line":141,"column":2},"end":{"line":145,"column":null}},"70":{"start":{"line":142,"column":4},"end":{"line":142,"column":null}},"71":{"start":{"line":144,"column":4},"end":{"line":144,"column":null}},"72":{"start":{"line":147,"column":26},"end":{"line":147,"column":null}},"73":{"start":{"line":148,"column":2},"end":{"line":157,"column":null}},"74":{"start":{"line":149,"column":4},"end":{"line":149,"column":null}},"75":{"start":{"line":150,"column":4},"end":{"line":154,"column":null}},"76":{"start":{"line":151,"column":6},"end":{"line":153,"column":null}},"77":{"start":{"line":152,"column":8},"end":{"line":152,"column":null}},"78":{"start":{"line":156,"column":4},"end":{"line":156,"column":null}},"79":{"start":{"line":159,"column":2},"end":{"line":163,"column":null}}},"fnMap":{"0":{"name":"connectToDb","decl":{"start":{"line":6,"column":22},"end":{"line":6,"column":34}},"loc":{"start":{"line":6,"column":114},"end":{"line":18,"column":null}},"line":6},"1":{"name":"fetchServerContext","decl":{"start":{"line":20,"column":22},"end":{"line":20,"column":41}},"loc":{"start":{"line":20,"column":73},"end":{"line":76,"column":null}},"line":20},"2":{"name":"getCollectionNames","decl":{"start":{"line":78,"column":22},"end":{"line":78,"column":41}},"loc":{"start":{"line":78,"column":68},"end":{"line":81,"column":null}},"line":78},"3":{"name":"(anonymous_3)","decl":{"start":{"line":80,"column":21},"end":{"line":80,"column":25}},"loc":{"start":{"line":80,"column":30},"end":{"line":80,"column":36}},"line":80},"4":{"name":"(anonymous_4)","decl":{"start":{"line":80,"column":38},"end":{"line":80,"column":45}},"loc":{"start":{"line":80,"column":53},"end":{"line":80,"column":80}},"line":80},"5":{"name":"fetchCollectionStats","decl":{"start":{"line":83,"column":22},"end":{"line":83,"column":43}},"loc":{"start":{"line":83,"column":101},"end":{"line":105,"column":null}},"line":83},"6":{"name":"(anonymous_6)","decl":{"start":{"line":93,"column":59},"end":{"line":93,"column":71}},"loc":{"start":{"line":93,"column":71},"end":{"line":93,"column":72}},"line":93},"7":{"name":"(anonymous_7)","decl":{"start":{"line":94,"column":69},"end":{"line":94,"column":81}},"loc":{"start":{"line":94,"column":81},"end":{"line":94,"column":82}},"line":94},"8":{"name":"clearHostMap","decl":{"start":{"line":110,"column":16},"end":{"line":110,"column":37}},"loc":{"start":{"line":110,"column":37},"end":{"line":113,"column":null}},"line":110},"9":{"name":"sanitizeHost","decl":{"start":{"line":115,"column":16},"end":{"line":115,"column":29}},"loc":{"start":{"line":115,"column":54},"end":{"line":135,"column":null}},"line":115},"10":{"name":"fetchCollectionIndexes","decl":{"start":{"line":137,"column":22},"end":{"line":137,"column":45}},"loc":{"start":{"line":137,"column":105},"end":{"line":164,"column":null}},"line":137}},"branchMap":{"0":{"loc":{"start":{"line":11,"column":2},"end":{"line":13,"column":null}},"type":"if","locations":[{"start":{"line":11,"column":2},"end":{"line":13,"column":null}},{"start":{},"end":{}}],"line":11},"1":{"loc":{"start":{"line":37,"column":4},"end":{"line":48,"column":null}},"type":"if","locations":[{"start":{"line":37,"column":4},"end":{"line":48,"column":null}},{"start":{},"end":{}}],"line":37},"2":{"loc":{"start":{"line":37,"column":8},"end":{"line":37,"column":37}},"type":"binary-expr","locations":[{"start":{"line":37,"column":8},"end":{"line":37,"column":20}},{"start":{"line":37,"column":20},"end":{"line":37,"column":37}}],"line":37},"3":{"loc":{"start":{"line":38,"column":6},"end":{"line":40,"column":null}},"type":"if","locations":[{"start":{"line":38,"column":6},"end":{"line":40,"column":null}},{"start":{},"end":{}}],"line":38},"4":{"loc":{"start":{"line":41,"column":6},"end":{"line":43,"column":null}},"type":"if","locations":[{"start":{"line":41,"column":6},"end":{"line":43,"column":null}},{"start":{},"end":{}}],"line":41},"5":{"loc":{"start":{"line":44,"column":6},"end":{"line":46,"column":null}},"type":"if","locations":[{"start":{"line":44,"column":6},"end":{"line":46,"column":null}},{"start":{},"end":{}}],"line":44},"6":{"loc":{"start":{"line":49,"column":4},"end":{"line":51,"column":null}},"type":"if","locations":[{"start":{"line":49,"column":4},"end":{"line":51,"column":null}},{"start":{},"end":{}}],"line":49},"7":{"loc":{"start":{"line":58,"column":4},"end":{"line":63,"column":null}},"type":"if","locations":[{"start":{"line":58,"column":4},"end":{"line":63,"column":null}},{"start":{},"end":{}}],"line":58},"8":{"loc":{"start":{"line":58,"column":8},"end":{"line":58,"column":82}},"type":"binary-expr","locations":[{"start":{"line":58,"column":8},"end":{"line":58,"column":24}},{"start":{"line":58,"column":24},"end":{"line":58,"column":51}},{"start":{"line":58,"column":51},"end":{"line":58,"column":82}}],"line":58},"9":{"loc":{"start":{"line":60,"column":6},"end":{"line":62,"column":null}},"type":"if","locations":[{"start":{"line":60,"column":6},"end":{"line":62,"column":null}},{"start":{},"end":{}}],"line":60},"10":{"loc":{"start":{"line":93,"column":16},"end":{"line":93,"column":null}},"type":"binary-expr","locations":[{"start":{"line":93,"column":16},"end":{"line":93,"column":31}},{"start":{"line":93,"column":31},"end":{"line":93,"column":null}}],"line":93},"11":{"loc":{"start":{"line":95,"column":21},"end":{"line":95,"column":null}},"type":"binary-expr","locations":[{"start":{"line":95,"column":21},"end":{"line":95,"column":41}},{"start":{"line":95,"column":41},"end":{"line":95,"column":null}}],"line":95},"12":{"loc":{"start":{"line":96,"column":25},"end":{"line":96,"column":null}},"type":"binary-expr","locations":[{"start":{"line":96,"column":25},"end":{"line":96,"column":49}},{"start":{"line":96,"column":49},"end":{"line":96,"column":null}}],"line":96},"13":{"loc":{"start":{"line":116,"column":2},"end":{"line":116,"column":null}},"type":"if","locations":[{"start":{"line":116,"column":2},"end":{"line":116,"column":null}},{"start":{},"end":{}}],"line":116},"14":{"loc":{"start":{"line":122,"column":2},"end":{"line":125,"column":null}},"type":"if","locations":[{"start":{"line":122,"column":2},"end":{"line":125,"column":null}},{"start":{},"end":{}}],"line":122},"15":{"loc":{"start":{"line":122,"column":6},"end":{"line":122,"column":74}},"type":"binary-expr","locations":[{"start":{"line":122,"column":6},"end":{"line":122,"column":31}},{"start":{"line":122,"column":31},"end":{"line":122,"column":74}}],"line":122},"16":{"loc":{"start":{"line":129,"column":2},"end":{"line":131,"column":null}},"type":"if","locations":[{"start":{"line":129,"column":2},"end":{"line":131,"column":null}},{"start":{},"end":{}}],"line":129},"17":{"loc":{"start":{"line":134,"column":9},"end":{"line":134,"column":null}},"type":"cond-expr","locations":[{"start":{"line":134,"column":20},"end":{"line":134,"column":51}},{"start":{"line":134,"column":51},"end":{"line":134,"column":null}}],"line":134},"18":{"loc":{"start":{"line":151,"column":6},"end":{"line":153,"column":null}},"type":"if","locations":[{"start":{"line":151,"column":6},"end":{"line":153,"column":null}},{"start":{},"end":{}}],"line":151}},"s":{"0":1,"1":1,"2":1,"3":1,"4":1,"5":1,"6":1,"7":2,"8":2,"9":2,"10":2,"11":2,"12":1,"13":2,"14":2,"15":1,"16":1,"17":1,"18":1,"19":1,"20":1,"21":1,"22":1,"23":1,"24":1,"25":1,"26":2,"27":2,"28":1,"29":1,"30":1,"31":1,"32":1,"33":2,"34":1,"35":1,"36":3,"37":3,"38":1,"39":1,"40":1,"41":1,"42":1,"43":1,"44":0,"45":1,"46":0,"47":1,"48":1,"49":1,"50":1,"51":1,"52":9,"53":9,"54":6,"55":0,"56":6,"57":6,"58":6,"59":6,"60":5,"61":5,"62":6,"63":6,"64":5,"65":6,"66":6,"67":2,"68":2,"69":2,"70":2,"71":1,"72":2,"73":2,"74":2,"75":1,"76":3,"77":3,"78":1,"79":2},"f":{"0":1,"1":2,"2":1,"3":3,"4":3,"5":1,"6":0,"7":0,"8":9,"9":6,"10":2},"b":{"0":[1,0],"1":[1,0],"2":[1,1],"3":[1,0],"4":[1,0],"5":[1,0],"6":[1,0],"7":[1,0],"8":[1,1,1],"9":[1,0],"10":[1,1],"11":[1,1],"12":[1,1],"13":[0,6],"14":[5,1],"15":[6,6],"16":[5,1],"17":[5,1],"18":[3,0]},"meta":{"lastBranch":19,"lastFunction":11,"lastStatement":80,"seen":{"f:6:22:6:34":0,"s:7:23:10:Infinity":0,"b:11:2:13:Infinity:undefined:undefined:undefined:undefined":0,"s:11:2:13:Infinity":1,"s:12:4:12:Infinity":2,"s:14:17:14:Infinity":3,"s:15:2:15:Infinity":4,"s:16:13:16:Infinity":5,"s:17:2:17:Infinity":6,"f:20:22:20:41":1,"s:21:18:21:Infinity":7,"s:22:23:22:Infinity":8,"s:23:22:23:Infinity":9,"s:29:2:33:Infinity":10,"s:30:4:30:Infinity":11,"s:32:4:32:Infinity":12,"s:35:2:54:Infinity":13,"s:36:4:36:Infinity":14,"b:37:4:48:Infinity:undefined:undefined:undefined:undefined":1,"s:37:4:48:Infinity":15,"b:37:8:37:20:37:20:37:37":2,"b:38:6:40:Infinity:undefined:undefined:undefined:undefined":3,"s:38:6:40:Infinity":16,"s:39:8:39:Infinity":17,"b:41:6:43:Infinity:undefined:undefined:undefined:undefined":4,"s:41:6:43:Infinity":18,"s:42:8:42:Infinity":19,"b:44:6:46:Infinity:undefined:undefined:undefined:undefined":5,"s:44:6:46:Infinity":20,"s:45:8:45:Infinity":21,"s:47:6:47:Infinity":22,"b:49:4:51:Infinity:undefined:undefined:undefined:undefined":6,"s:49:4:51:Infinity":23,"s:50:6:50:Infinity":24,"s:53:4:53:Infinity":25,"s:56:2:66:Infinity":26,"s:57:25:57:Infinity":27,"b:58:4:63:Infinity:undefined:undefined:undefined:undefined":7,"s:58:4:63:Infinity":28,"b:58:8:58:24:58:24:58:51:58:51:58:82":8,"s:59:23:59:Infinity":29,"b:60:6:62:Infinity:undefined:undefined:undefined:undefined":9,"s:60:6:62:Infinity":30,"s:61:8:61:Infinity":31,"s:65:4:65:Infinity":32,"s:68:2:75:Infinity":33,"f:78:22:78:41":2,"s:79:22:79:Infinity":34,"s:80:2:80:Infinity":35,"f:80:21:80:25":3,"s:80:30:80:36":36,"f:80:38:80:45":4,"s:80:53:80:80":37,"f:83:22:83:43":5,"s:84:15:84:Infinity":38,"s:86:19:86:Infinity":39,"s:87:2:91:Infinity":40,"s:88:4:88:Infinity":41,"s:90:4:90:Infinity":42,"s:93:16:93:Infinity":43,"b:93:16:93:31:93:31:93:Infinity":10,"f:93:59:93:71":6,"s:93:71:93:72":44,"s:94:33:94:Infinity":45,"f:94:69:94:81":7,"s:94:81:94:82":46,"s:95:21:95:Infinity":47,"b:95:21:95:41:95:41:95:Infinity":11,"s:96:25:96:Infinity":48,"b:96:25:96:49:96:49:96:Infinity":12,"s:98:2:104:Infinity":49,"s:107:16:107:Infinity":50,"s:108:18:108:Infinity":51,"f:110:16:110:37":8,"s:111:2:111:Infinity":52,"s:112:2:112:Infinity":53,"f:115:16:115:29":9,"b:116:2:116:Infinity:undefined:undefined:undefined:undefined":13,"s:116:2:116:Infinity":54,"s:116:16:116:Infinity":55,"s:118:25:118:Infinity":56,"s:119:17:119:Infinity":57,"s:120:17:120:Infinity":58,"b:122:2:125:Infinity:undefined:undefined:undefined:undefined":14,"s:122:2:125:Infinity":59,"b:122:6:122:31:122:31:122:74":15,"s:123:4:123:Infinity":60,"s:124:4:124:Infinity":61,"s:127:24:127:Infinity":62,"b:129:2:131:Infinity:undefined:undefined:undefined:undefined":16,"s:129:2:131:Infinity":63,"s:130:4:130:Infinity":64,"s:133:23:133:Infinity":65,"s:134:2:134:Infinity":66,"b:134:20:134:51:134:51:134:Infinity":17,"f:137:22:137:45":10,"s:138:15:138:Infinity":67,"s:140:23:140:Infinity":68,"s:141:2:145:Infinity":69,"s:142:4:142:Infinity":70,"s:144:4:144:Infinity":71,"s:147:26:147:Infinity":72,"s:148:2:157:Infinity":73,"s:149:4:149:Infinity":74,"s:150:4:154:Infinity":75,"b:151:6:153:Infinity:undefined:undefined:undefined:undefined":18,"s:151:6:153:Infinity":76,"s:152:8:152:Infinity":77,"s:156:4:156:Infinity":78,"s:159:2:163:Infinity":79}}}
,"/Users/ivan/Project/3t.tools.intellij/mongo/mongo-schema-fetch/src/schema.ts": {"path":"/Users/ivan/Project/3t.tools.intellij/mongo/mongo-schema-fetch/src/schema.ts","statementMap":{"0":{"start":{"line":7,"column":15},"end":{"line":7,"column":null}},"1":{"start":{"line":9,"column":14},"end":{"line":9,"column":null}},"2":{"start":{"line":10,"column":2},"end":{"line":19,"column":null}},"3":{"start":{"line":11,"column":4},"end":{"line":11,"column":null}},"4":{"start":{"line":14,"column":4},"end":{"line":18,"column":null}},"5":{"start":{"line":15,"column":6},"end":{"line":15,"column":null}},"6":{"start":{"line":16,"column":11},"end":{"line":18,"column":null}},"7":{"start":{"line":17,"column":6},"end":{"line":17,"column":null}},"8":{"start":{"line":22,"column":16},"end":{"line":22,"column":null}},"9":{"start":{"line":22,"column":64},"end":{"line":22,"column":65}},"10":{"start":{"line":25,"column":2},"end":{"line":31,"column":null}},"11":{"start":{"line":27,"column":4},"end":{"line":27,"column":null}},"12":{"start":{"line":30,"column":4},"end":{"line":30,"column":null}},"13":{"start":{"line":34,"column":25},"end":{"line":34,"column":null}},"14":{"start":{"line":36,"column":2},"end":{"line":42,"column":null}},"15":{"start":{"line":37,"column":20},"end":{"line":37,"column":null}},"16":{"start":{"line":38,"column":19},"end":{"line":38,"column":null}},"17":{"start":{"line":39,"column":4},"end":{"line":39,"column":null}},"18":{"start":{"line":41,"column":4},"end":{"line":41,"column":null}},"19":{"start":{"line":46,"column":2},"end":{"line":46,"column":null}},"20":{"start":{"line":46,"column":15},"end":{"line":46,"column":null}},"21":{"start":{"line":49,"column":18},"end":{"line":49,"column":null}},"22":{"start":{"line":53,"column":4},"end":{"line":96,"column":null}},"23":{"start":{"line":54,"column":6},"end":{"line":54,"column":null}},"24":{"start":{"line":54,"column":26},"end":{"line":54,"column":52}},"25":{"start":{"line":55,"column":11},"end":{"line":96,"column":null}},"26":{"start":{"line":58,"column":26},"end":{"line":58,"column":null}},"27":{"start":{"line":60,"column":6},"end":{"line":77,"column":null}},"28":{"start":{"line":62,"column":10},"end":{"line":74,"column":null}},"29":{"start":{"line":63,"column":35},"end":{"line":63,"column":null}},"30":{"start":{"line":64,"column":14},"end":{"line":73,"column":null}},"31":{"start":{"line":66,"column":41},"end":{"line":69,"column":null}},"32":{"start":{"line":67,"column":22},"end":{"line":67,"column":null}},"33":{"start":{"line":67,"column":49},"end":{"line":67,"column":null}},"34":{"start":{"line":68,"column":22},"end":{"line":68,"column":null}},"35":{"start":{"line":70,"column":18},"end":{"line":72,"column":null}},"36":{"start":{"line":71,"column":22},"end":{"line":71,"column":null}},"37":{"start":{"line":76,"column":10},"end":{"line":76,"column":null}},"38":{"start":{"line":80,"column":24},"end":{"line":80,"column":null}},"39":{"start":{"line":82,"column":6},"end":{"line":84,"column":null}},"40":{"start":{"line":83,"column":10},"end":{"line":83,"column":null}},"41":{"start":{"line":83,"column":40},"end":{"line":83,"column":62}},"42":{"start":{"line":86,"column":6},"end":{"line":89,"column":null}},"43":{"start":{"line":88,"column":8},"end":{"line":88,"column":null}},"44":{"start":{"line":88,"column":39},"end":{"line":88,"column":50}},"45":{"start":{"line":91,"column":6},"end":{"line":95,"column":null}},"46":{"start":{"line":92,"column":8},"end":{"line":94,"column":null}},"47":{"start":{"line":93,"column":12},"end":{"line":93,"column":null}},"48":{"start":{"line":99,"column":2},"end":{"line":99,"column":null}},"49":{"start":{"line":100,"column":2},"end":{"line":100,"column":null}}},"fnMap":{"0":{"name":"inferSchema","decl":{"start":{"line":6,"column":22},"end":{"line":6,"column":34}},"loc":{"start":{"line":6,"column":148},"end":{"line":43,"column":null}},"line":6},"1":{"name":"(anonymous_1)","decl":{"start":{"line":22,"column":52},"end":{"line":22,"column":64}},"loc":{"start":{"line":22,"column":64},"end":{"line":22,"column":65}},"line":22},"2":{"name":"cleanSchema","decl":{"start":{"line":45,"column":16},"end":{"line":45,"column":28}},"loc":{"start":{"line":45,"column":69},"end":{"line":101,"column":null}},"line":45},"3":{"name":"traverse","decl":{"start":{"line":52,"column":11},"end":{"line":52,"column":20}},"loc":{"start":{"line":52,"column":51},"end":{"line":97,"column":null}},"line":52},"4":{"name":"(anonymous_4)","decl":{"start":{"line":54,"column":10},"end":{"line":54,"column":18}},"loc":{"start":{"line":54,"column":26},"end":{"line":54,"column":52}},"line":54},"5":{"name":"(anonymous_5)","decl":{"start":{"line":66,"column":54},"end":{"line":66,"column":62}},"loc":{"start":{"line":66,"column":73},"end":{"line":69,"column":19}},"line":66},"6":{"name":"(anonymous_6)","decl":{"start":{"line":83,"column":20},"end":{"line":83,"column":29}},"loc":{"start":{"line":83,"column":40},"end":{"line":83,"column":62}},"line":83},"7":{"name":"(anonymous_7)","decl":{"start":{"line":88,"column":19},"end":{"line":88,"column":28}},"loc":{"start":{"line":88,"column":39},"end":{"line":88,"column":50}},"line":88}},"branchMap":{"0":{"loc":{"start":{"line":6,"column":114},"end":{"line":6,"column":148}},"type":"default-arg","locations":[{"start":{"line":6,"column":130},"end":{"line":6,"column":148}}],"line":6},"1":{"loc":{"start":{"line":10,"column":2},"end":{"line":19,"column":null}},"type":"if","locations":[{"start":{"line":10,"column":2},"end":{"line":19,"column":null}},{"start":{"line":12,"column":9},"end":{"line":19,"column":null}}],"line":10},"2":{"loc":{"start":{"line":10,"column":6},"end":{"line":10,"column":50}},"type":"binary-expr","locations":[{"start":{"line":10,"column":6},"end":{"line":10,"column":27}},{"start":{"line":10,"column":27},"end":{"line":10,"column":50}}],"line":10},"3":{"loc":{"start":{"line":14,"column":4},"end":{"line":18,"column":null}},"type":"if","locations":[{"start":{"line":14,"column":4},"end":{"line":18,"column":null}},{"start":{"line":16,"column":11},"end":{"line":18,"column":null}}],"line":14},"4":{"loc":{"start":{"line":16,"column":11},"end":{"line":18,"column":null}},"type":"if","locations":[{"start":{"line":16,"column":11},"end":{"line":18,"column":null}},{"start":{},"end":{}}],"line":16},"5":{"loc":{"start":{"line":25,"column":2},"end":{"line":31,"column":null}},"type":"if","locations":[{"start":{"line":25,"column":2},"end":{"line":31,"column":null}},{"start":{"line":28,"column":9},"end":{"line":31,"column":null}}],"line":25},"6":{"loc":{"start":{"line":37,"column":20},"end":{"line":37,"column":null}},"type":"binary-expr","locations":[{"start":{"line":37,"column":20},"end":{"line":37,"column":53}},{"start":{"line":37,"column":53},"end":{"line":37,"column":null}}],"line":37},"7":{"loc":{"start":{"line":46,"column":2},"end":{"line":46,"column":null}},"type":"if","locations":[{"start":{"line":46,"column":2},"end":{"line":46,"column":null}},{"start":{},"end":{}}],"line":46},"8":{"loc":{"start":{"line":53,"column":4},"end":{"line":96,"column":null}},"type":"if","locations":[{"start":{"line":53,"column":4},"end":{"line":96,"column":null}},{"start":{"line":55,"column":11},"end":{"line":96,"column":null}}],"line":53},"9":{"loc":{"start":{"line":55,"column":11},"end":{"line":96,"column":null}},"type":"if","locations":[{"start":{"line":55,"column":11},"end":{"line":96,"column":null}},{"start":{},"end":{}}],"line":55},"10":{"loc":{"start":{"line":55,"column":15},"end":{"line":55,"column":56}},"type":"binary-expr","locations":[{"start":{"line":55,"column":15},"end":{"line":55,"column":31}},{"start":{"line":55,"column":31},"end":{"line":55,"column":56}}],"line":55},"11":{"loc":{"start":{"line":58,"column":26},"end":{"line":58,"column":null}},"type":"binary-expr","locations":[{"start":{"line":58,"column":26},"end":{"line":58,"column":38}},{"start":{"line":58,"column":38},"end":{"line":58,"column":50}},{"start":{"line":58,"column":50},"end":{"line":58,"column":null}}],"line":58},"12":{"loc":{"start":{"line":60,"column":6},"end":{"line":77,"column":null}},"type":"if","locations":[{"start":{"line":60,"column":6},"end":{"line":77,"column":null}},{"start":{},"end":{}}],"line":60},"13":{"loc":{"start":{"line":60,"column":10},"end":{"line":60,"column":51}},"type":"binary-expr","locations":[{"start":{"line":60,"column":10},"end":{"line":60,"column":24}},{"start":{"line":60,"column":24},"end":{"line":60,"column":51}}],"line":60},"14":{"loc":{"start":{"line":62,"column":10},"end":{"line":74,"column":null}},"type":"if","locations":[{"start":{"line":62,"column":10},"end":{"line":74,"column":null}},{"start":{},"end":{}}],"line":62},"15":{"loc":{"start":{"line":62,"column":14},"end":{"line":62,"column":68}},"type":"binary-expr","locations":[{"start":{"line":62,"column":14},"end":{"line":62,"column":42}},{"start":{"line":62,"column":42},"end":{"line":62,"column":68}}],"line":62},"16":{"loc":{"start":{"line":64,"column":14},"end":{"line":73,"column":null}},"type":"if","locations":[{"start":{"line":64,"column":14},"end":{"line":73,"column":null}},{"start":{},"end":{}}],"line":64},"17":{"loc":{"start":{"line":64,"column":18},"end":{"line":64,"column":82}},"type":"binary-expr","locations":[{"start":{"line":64,"column":18},"end":{"line":64,"column":45}},{"start":{"line":64,"column":45},"end":{"line":64,"column":82}}],"line":64},"18":{"loc":{"start":{"line":67,"column":22},"end":{"line":67,"column":null}},"type":"if","locations":[{"start":{"line":67,"column":22},"end":{"line":67,"column":null}},{"start":{},"end":{}}],"line":67},"19":{"loc":{"start":{"line":70,"column":18},"end":{"line":72,"column":null}},"type":"if","locations":[{"start":{"line":70,"column":18},"end":{"line":72,"column":null}},{"start":{},"end":{}}],"line":70},"20":{"loc":{"start":{"line":80,"column":24},"end":{"line":80,"column":null}},"type":"binary-expr","locations":[{"start":{"line":80,"column":24},"end":{"line":80,"column":36}},{"start":{"line":80,"column":36},"end":{"line":80,"column":null}}],"line":80},"21":{"loc":{"start":{"line":82,"column":6},"end":{"line":84,"column":null}},"type":"if","locations":[{"start":{"line":82,"column":6},"end":{"line":84,"column":null}},{"start":{},"end":{}}],"line":82},"22":{"loc":{"start":{"line":82,"column":10},"end":{"line":82,"column":49}},"type":"binary-expr","locations":[{"start":{"line":82,"column":10},"end":{"line":82,"column":23}},{"start":{"line":82,"column":23},"end":{"line":82,"column":49}}],"line":82},"23":{"loc":{"start":{"line":86,"column":6},"end":{"line":89,"column":null}},"type":"if","locations":[{"start":{"line":86,"column":6},"end":{"line":89,"column":null}},{"start":{},"end":{}}],"line":86},"24":{"loc":{"start":{"line":86,"column":10},"end":{"line":86,"column":51}},"type":"binary-expr","locations":[{"start":{"line":86,"column":10},"end":{"line":86,"column":24}},{"start":{"line":86,"column":24},"end":{"line":86,"column":51}}],"line":86},"25":{"loc":{"start":{"line":92,"column":8},"end":{"line":94,"column":null}},"type":"if","locations":[{"start":{"line":92,"column":8},"end":{"line":94,"column":null}},{"start":{},"end":{}}],"line":92},"26":{"loc":{"start":{"line":92,"column":12},"end":{"line":92,"column":49}},"type":"binary-expr","locations":[{"start":{"line":92,"column":12},"end":{"line":92,"column":32}},{"start":{"line":92,"column":32},"end":{"line":92,"column":49}}],"line":92}},"s":{"0":6,"1":6,"2":6,"3":1,"4":5,"5":1,"6":4,"7":1,"8":6,"9":1,"10":6,"11":2,"12":4,"13":6,"14":6,"15":6,"16":6,"17":6,"18":0,"19":11,"20":0,"21":11,"22":58,"23":2,"24":3,"25":56,"26":23,"27":23,"28":6,"29":4,"30":4,"31":3,"32":6,"33":6,"34":0,"35":3,"36":2,"37":6,"38":23,"39":23,"40":6,"41":6,"42":23,"43":5,"44":6,"45":23,"46":43,"47":32,"48":11,"49":11},"f":{"0":6,"1":1,"2":11,"3":58,"4":3,"5":6,"6":6,"7":6},"b":{"0":[6],"1":[1,5],"2":[6,1],"3":[1,4],"4":[1,3],"5":[2,4],"6":[6,6],"7":[0,11],"8":[2,56],"9":[23,33],"10":[56,56],"11":[23,17,11],"12":[6,17],"13":[23,6],"14":[4,2],"15":[6,2],"16":[3,1],"17":[4,4],"18":[6,0],"19":[2,1],"20":[23,17],"21":[6,17],"22":[23,6],"23":[5,18],"24":[23,5],"25":[32,11],"26":[43,38]},"meta":{"lastBranch":27,"lastFunction":8,"lastStatement":50,"seen":{"f:6:22:6:34":0,"b:6:130:6:148":0,"s:7:15:7:Infinity":0,"s:9:14:9:Infinity":1,"b:10:2:19:Infinity:12:9:19:Infinity":1,"s:10:2:19:Infinity":2,"b:10:6:10:27:10:27:10:50":2,"s:11:4:11:Infinity":3,"b:14:4:18:Infinity:16:11:18:Infinity":3,"s:14:4:18:Infinity":4,"s:15:6:15:Infinity":5,"b:16:11:18:Infinity:undefined:undefined:undefined:undefined":4,"s:16:11:18:Infinity":6,"s:17:6:17:Infinity":7,"s:22:16:22:Infinity":8,"f:22:52:22:64":1,"s:22:64:22:65":9,"b:25:2:31:Infinity:28:9:31:Infinity":5,"s:25:2:31:Infinity":10,"s:27:4:27:Infinity":11,"s:30:4:30:Infinity":12,"s:34:25:34:Infinity":13,"s:36:2:42:Infinity":14,"s:37:20:37:Infinity":15,"b:37:20:37:53:37:53:37:Infinity":6,"s:38:19:38:Infinity":16,"s:39:4:39:Infinity":17,"s:41:4:41:Infinity":18,"f:45:16:45:28":2,"b:46:2:46:Infinity:undefined:undefined:undefined:undefined":7,"s:46:2:46:Infinity":19,"s:46:15:46:Infinity":20,"s:49:18:49:Infinity":21,"f:52:11:52:20":3,"b:53:4:96:Infinity:55:11:96:Infinity":8,"s:53:4:96:Infinity":22,"s:54:6:54:Infinity":23,"f:54:10:54:18":4,"s:54:26:54:52":24,"b:55:11:96:Infinity:undefined:undefined:undefined:undefined":9,"s:55:11:96:Infinity":25,"b:55:15:55:31:55:31:55:56":10,"s:58:26:58:Infinity":26,"b:58:26:58:38:58:38:58:50:58:50:58:Infinity":11,"b:60:6:77:Infinity:undefined:undefined:undefined:undefined":12,"s:60:6:77:Infinity":27,"b:60:10:60:24:60:24:60:51":13,"b:62:10:74:Infinity:undefined:undefined:undefined:undefined":14,"s:62:10:74:Infinity":28,"b:62:14:62:42:62:42:62:68":15,"s:63:35:63:Infinity":29,"b:64:14:73:Infinity:undefined:undefined:undefined:undefined":16,"s:64:14:73:Infinity":30,"b:64:18:64:45:64:45:64:82":17,"s:66:41:69:Infinity":31,"f:66:54:66:62":5,"b:67:22:67:Infinity:undefined:undefined:undefined:undefined":18,"s:67:22:67:Infinity":32,"s:67:49:67:Infinity":33,"s:68:22:68:Infinity":34,"b:70:18:72:Infinity:undefined:undefined:undefined:undefined":19,"s:70:18:72:Infinity":35,"s:71:22:71:Infinity":36,"s:76:10:76:Infinity":37,"s:80:24:80:Infinity":38,"b:80:24:80:36:80:36:80:Infinity":20,"b:82:6:84:Infinity:undefined:undefined:undefined:undefined":21,"s:82:6:84:Infinity":39,"b:82:10:82:23:82:23:82:49":22,"s:83:10:83:Infinity":40,"f:83:20:83:29":6,"s:83:40:83:62":41,"b:86:6:89:Infinity:undefined:undefined:undefined:undefined":23,"s:86:6:89:Infinity":42,"b:86:10:86:24:86:24:86:51":24,"s:88:8:88:Infinity":43,"f:88:19:88:28":7,"s:88:39:88:50":44,"s:91:6:95:Infinity":45,"b:92:8:94:Infinity:undefined:undefined:undefined:undefined":25,"s:92:8:94:Infinity":46,"b:92:12:92:32:92:32:92:49":26,"s:93:12:93:Infinity":47,"s:99:2:99:Infinity":48,"s:100:2:100:Infinity":49}}}
,"/Users/ivan/Project/3t.tools.intellij/mongo/mongo-schema-fetch/src/upload.ts": {"path":"/Users/ivan/Project/3t.tools.intellij/mongo/mongo-schema-fetch/src/upload.ts","statementMap":{"0":{"start":{"line":6,"column":2},"end":{"line":6,"column":null}},"1":{"start":{"line":8,"column":2},"end":{"line":11,"column":null}},"2":{"start":{"line":9,"column":4},"end":{"line":9,"column":null}},"3":{"start":{"line":10,"column":4},"end":{"line":10,"column":null}},"4":{"start":{"line":13,"column":23},"end":{"line":13,"column":null}},"5":{"start":{"line":15,"column":2},"end":{"line":15,"column":null}},"6":{"start":{"line":18,"column":2},"end":{"line":18,"column":null}},"7":{"start":{"line":18,"column":31},"end":{"line":18,"column":55}},"8":{"start":{"line":21,"column":2},"end":{"line":24,"column":null}},"9":{"start":{"line":22,"column":4},"end":{"line":22,"column":null}},"10":{"start":{"line":23,"column":4},"end":{"line":23,"column":null}},"11":{"start":{"line":26,"column":2},"end":{"line":26,"column":null}},"12":{"start":{"line":27,"column":2},"end":{"line":27,"column":null}},"13":{"start":{"line":31,"column":2},"end":{"line":31,"column":null}},"14":{"start":{"line":33,"column":19},"end":{"line":38,"column":null}},"15":{"start":{"line":40,"column":2},"end":{"line":54,"column":null}},"16":{"start":{"line":41,"column":4},"end":{"line":41,"column":null}},"17":{"start":{"line":44,"column":4},"end":{"line":44,"column":null}},"18":{"start":{"line":44,"column":33},"end":{"line":44,"column":57}},"19":{"start":{"line":46,"column":20},"end":{"line":46,"column":null}},"20":{"start":{"line":47,"column":4},"end":{"line":47,"column":null}},"21":{"start":{"line":50,"column":10},"end":{"line":50,"column":null}},"22":{"start":{"line":51,"column":4},"end":{"line":51,"column":null}},"23":{"start":{"line":53,"column":4},"end":{"line":53,"column":null}}},"fnMap":{"0":{"name":"autoAnalyze","decl":{"start":{"line":5,"column":22},"end":{"line":5,"column":34}},"loc":{"start":{"line":5,"column":96},"end":{"line":28,"column":null}},"line":5},"1":{"name":"(anonymous_1)","decl":{"start":{"line":18,"column":12},"end":{"line":18,"column":20}},"loc":{"start":{"line":18,"column":31},"end":{"line":18,"column":55}},"line":18},"2":{"name":"promptAndUploadMagicLink","decl":{"start":{"line":30,"column":22},"end":{"line":30,"column":47}},"loc":{"start":{"line":30,"column":106},"end":{"line":55,"column":null}},"line":30},"3":{"name":"(anonymous_3)","decl":{"start":{"line":44,"column":14},"end":{"line":44,"column":22}},"loc":{"start":{"line":44,"column":33},"end":{"line":44,"column":57}},"line":44}},"branchMap":{"0":{"loc":{"start":{"line":8,"column":2},"end":{"line":11,"column":null}},"type":"if","locations":[{"start":{"line":8,"column":2},"end":{"line":11,"column":null}},{"start":{},"end":{}}],"line":8},"1":{"loc":{"start":{"line":21,"column":2},"end":{"line":24,"column":null}},"type":"if","locations":[{"start":{"line":21,"column":2},"end":{"line":24,"column":null}},{"start":{},"end":{}}],"line":21},"2":{"loc":{"start":{"line":40,"column":2},"end":{"line":54,"column":null}},"type":"if","locations":[{"start":{"line":40,"column":2},"end":{"line":54,"column":null}},{"start":{"line":52,"column":9},"end":{"line":54,"column":null}}],"line":40}},"s":{"0":3,"1":3,"2":1,"3":1,"4":2,"5":2,"6":2,"7":2,"8":2,"9":1,"10":1,"11":1,"12":1,"13":2,"14":2,"15":2,"16":1,"17":1,"18":1,"19":1,"20":1,"21":1,"22":1,"23":1},"f":{"0":3,"1":2,"2":2,"3":1},"b":{"0":[1,2],"1":[1,1],"2":[1,1]},"meta":{"lastBranch":3,"lastFunction":4,"lastStatement":24,"seen":{"f:5:22:5:34":0,"s:6:2:6:Infinity":0,"b:8:2:11:Infinity:undefined:undefined:undefined:undefined":0,"s:8:2:11:Infinity":1,"s:9:4:9:Infinity":2,"s:10:4:10:Infinity":3,"s:13:23:13:Infinity":4,"s:15:2:15:Infinity":5,"s:18:2:18:Infinity":6,"f:18:12:18:20":1,"s:18:31:18:55":7,"b:21:2:24:Infinity:undefined:undefined:undefined:undefined":1,"s:21:2:24:Infinity":8,"s:22:4:22:Infinity":9,"s:23:4:23:Infinity":10,"s:26:2:26:Infinity":11,"s:27:2:27:Infinity":12,"f:30:22:30:47":2,"s:31:2:31:Infinity":13,"s:33:19:38:Infinity":14,"b:40:2:54:Infinity:52:9:54:Infinity":2,"s:40:2:54:Infinity":15,"s:41:4:41:Infinity":16,"s:44:4:44:Infinity":17,"f:44:14:44:22":3,"s:44:33:44:57":18,"s:46:20:46:Infinity":19,"s:47:4:47:Infinity":20,"s:50:10:50:Infinity":21,"s:51:4:51:Infinity":22,"s:53:4:53:Infinity":23}}}
,"/Users/ivan/Project/3t.tools.intellij/mongo/mongo-schema-fetch/src/validation.ts": {"path":"/Users/ivan/Project/3t.tools.intellij/mongo/mongo-schema-fetch/src/validation.ts","statementMap":{"0":{"start":{"line":4,"column":13},"end":{"line":4,"column":null}},"1":{"start":{"line":5,"column":12},"end":{"line":5,"column":null}},"2":{"start":{"line":7,"column":28},"end":{"line":55,"column":null}},"3":{"start":{"line":57,"column":17},"end":{"line":57,"column":null}},"4":{"start":{"line":60,"column":16},"end":{"line":60,"column":null}},"5":{"start":{"line":61,"column":2},"end":{"line":63,"column":null}},"6":{"start":{"line":62,"column":4},"end":{"line":62,"column":null}},"7":{"start":{"line":64,"column":2},"end":{"line":64,"column":null}}},"fnMap":{"0":{"name":"validatePayload","decl":{"start":{"line":59,"column":16},"end":{"line":59,"column":32}},"loc":{"start":{"line":59,"column":55},"end":{"line":65,"column":null}},"line":59}},"branchMap":{"0":{"loc":{"start":{"line":4,"column":13},"end":{"line":4,"column":null}},"type":"binary-expr","locations":[{"start":{"line":4,"column":13},"end":{"line":4,"column":37}},{"start":{"line":4,"column":37},"end":{"line":4,"column":null}}],"line":4},"1":{"loc":{"start":{"line":61,"column":2},"end":{"line":63,"column":null}},"type":"if","locations":[{"start":{"line":61,"column":2},"end":{"line":63,"column":null}},{"start":{},"end":{}}],"line":61}},"s":{"0":1,"1":1,"2":1,"3":1,"4":6,"5":6,"6":4,"7":6},"f":{"0":6},"b":{"0":[1,0],"1":[4,2]},"meta":{"lastBranch":2,"lastFunction":1,"lastStatement":8,"seen":{"s:4:13:4:Infinity":0,"b:4:13:4:37:4:37:4:Infinity":0,"s:5:12:5:Infinity":1,"s:7:28:55:Infinity":2,"s:57:17:57:Infinity":3,"f:59:16:59:32":0,"s:60:16:60:Infinity":4,"b:61:2:63:Infinity:undefined:undefined:undefined:undefined":1,"s:61:2:63:Infinity":5,"s:62:4:62:Infinity":6,"s:64:2:64:Infinity":7}}}
}
